2025-12-28 11:19:24,694 INFO select pg_catalog.version()
2025-12-28 11:19:24,695 INFO [raw sql] {}
2025-12-28 11:19:25,210 INFO select current_schema()
2025-12-28 11:19:25,210 INFO [raw sql] {}
2025-12-28 11:19:25,705 INFO show standard_conforming_strings
2025-12-28 11:19:25,706 INFO [raw sql] {}
2025-12-28 11:19:26,231 INFO BEGIN (implicit)
2025-12-28 11:19:26,235 INFO SELECT pg_catalog.pg_class.relname 
FROM pg_catalog.pg_class JOIN pg_catalog.pg_namespace ON pg_catalog.pg_namespace.oid = pg_catalog.pg_class.relnamespace 
WHERE pg_catalog.pg_class.relname = %(table_name)s AND pg_catalog.pg_class.relkind = ANY (ARRAY[%(param_1)s, %(param_2)s, %(param_3)s, %(param_4)s, %(param_5)s]) AND pg_catalog.pg_table_is_visible(pg_catalog.pg_class.oid) AND pg_catalog.pg_namespace.nspname != %(nspname_1)s
2025-12-28 11:19:26,259 INFO [generated in 0.02329s] {'table_name': 'shift', 'param_1': 'r', 'param_2': 'p', 'param_3': 'f', 'param_4': 'v', 'param_5': 'm', 'nspname_1': 'pg_catalog'}
2025-12-28 11:19:26,797 INFO SELECT pg_catalog.pg_class.relname 
FROM pg_catalog.pg_class JOIN pg_catalog.pg_namespace ON pg_catalog.pg_namespace.oid = pg_catalog.pg_class.relnamespace 
WHERE pg_catalog.pg_class.relname = %(table_name)s AND pg_catalog.pg_class.relkind = ANY (ARRAY[%(param_1)s, %(param_2)s, %(param_3)s, %(param_4)s, %(param_5)s]) AND pg_catalog.pg_table_is_visible(pg_catalog.pg_class.oid) AND pg_catalog.pg_namespace.nspname != %(nspname_1)s
2025-12-28 11:19:26,798 INFO [cached since 0.5623s ago] {'table_name': 'headcounttarget', 'param_1': 'r', 'param_2': 'p', 'param_3': 'f', 'param_4': 'v', 'param_5': 'm', 'nspname_1': 'pg_catalog'}
2025-12-28 11:19:27,092 INFO SELECT pg_catalog.pg_class.relname 
FROM pg_catalog.pg_class JOIN pg_catalog.pg_namespace ON pg_catalog.pg_namespace.oid = pg_catalog.pg_class.relnamespace 
WHERE pg_catalog.pg_class.relname = %(table_name)s AND pg_catalog.pg_class.relkind = ANY (ARRAY[%(param_1)s, %(param_2)s, %(param_3)s, %(param_4)s, %(param_5)s]) AND pg_catalog.pg_table_is_visible(pg_catalog.pg_class.oid) AND pg_catalog.pg_namespace.nspname != %(nspname_1)s
2025-12-28 11:19:27,093 INFO [cached since 0.8573s ago] {'table_name': 'employee', 'param_1': 'r', 'param_2': 'p', 'param_3': 'f', 'param_4': 'v', 'param_5': 'm', 'nspname_1': 'pg_catalog'}
2025-12-28 11:19:27,333 INFO SELECT pg_catalog.pg_class.relname 
FROM pg_catalog.pg_class JOIN pg_catalog.pg_namespace ON pg_catalog.pg_namespace.oid = pg_catalog.pg_class.relnamespace 
WHERE pg_catalog.pg_class.relname = %(table_name)s AND pg_catalog.pg_class.relkind = ANY (ARRAY[%(param_1)s, %(param_2)s, %(param_3)s, %(param_4)s, %(param_5)s]) AND pg_catalog.pg_table_is_visible(pg_catalog.pg_class.oid) AND pg_catalog.pg_namespace.nspname != %(nspname_1)s
2025-12-28 11:19:27,334 INFO [cached since 1.099s ago] {'table_name': 'dailyoperation', 'param_1': 'r', 'param_2': 'p', 'param_3': 'f', 'param_4': 'v', 'param_5': 'm', 'nspname_1': 'pg_catalog'}
2025-12-28 11:19:27,576 INFO SELECT pg_catalog.pg_class.relname 
FROM pg_catalog.pg_class JOIN pg_catalog.pg_namespace ON pg_catalog.pg_namespace.oid = pg_catalog.pg_class.relnamespace 
WHERE pg_catalog.pg_class.relname = %(table_name)s AND pg_catalog.pg_class.relkind = ANY (ARRAY[%(param_1)s, %(param_2)s, %(param_3)s, %(param_4)s, %(param_5)s]) AND pg_catalog.pg_table_is_visible(pg_catalog.pg_class.oid) AND pg_catalog.pg_namespace.nspname != %(nspname_1)s
2025-12-28 11:19:27,576 INFO [cached since 1.341s ago] {'table_name': 'event', 'param_1': 'r', 'param_2': 'p', 'param_3': 'f', 'param_4': 'v', 'param_5': 'm', 'nspname_1': 'pg_catalog'}
2025-12-28 11:19:27,818 INFO SELECT pg_catalog.pg_class.relname 
FROM pg_catalog.pg_class JOIN pg_catalog.pg_namespace ON pg_catalog.pg_namespace.oid = pg_catalog.pg_class.relnamespace 
WHERE pg_catalog.pg_class.relname = %(table_name)s AND pg_catalog.pg_class.relkind = ANY (ARRAY[%(param_1)s, %(param_2)s, %(param_3)s, %(param_4)s, %(param_5)s]) AND pg_catalog.pg_table_is_visible(pg_catalog.pg_class.oid) AND pg_catalog.pg_namespace.nspname != %(nspname_1)s
2025-12-28 11:19:27,819 INFO [cached since 1.584s ago] {'table_name': 'user', 'param_1': 'r', 'param_2': 'p', 'param_3': 'f', 'param_4': 'v', 'param_5': 'm', 'nspname_1': 'pg_catalog'}
2025-12-28 11:19:28,130 INFO SELECT pg_catalog.pg_class.relname 
FROM pg_catalog.pg_class JOIN pg_catalog.pg_namespace ON pg_catalog.pg_namespace.oid = pg_catalog.pg_class.relnamespace 
WHERE pg_catalog.pg_class.relname = %(table_name)s AND pg_catalog.pg_class.relkind = ANY (ARRAY[%(param_1)s, %(param_2)s, %(param_3)s, %(param_4)s, %(param_5)s]) AND pg_catalog.pg_table_is_visible(pg_catalog.pg_class.oid) AND pg_catalog.pg_namespace.nspname != %(nspname_1)s
2025-12-28 11:19:28,131 INFO [cached since 1.896s ago] {'table_name': 'sectorconfiguration', 'param_1': 'r', 'param_2': 'p', 'param_3': 'f', 'param_4': 'v', 'param_5': 'm', 'nspname_1': 'pg_catalog'}
2025-12-28 11:19:28,370 INFO SELECT pg_catalog.pg_class.relname 
FROM pg_catalog.pg_class JOIN pg_catalog.pg_namespace ON pg_catalog.pg_namespace.oid = pg_catalog.pg_class.relnamespace 
WHERE pg_catalog.pg_class.relname = %(table_name)s AND pg_catalog.pg_class.relkind = ANY (ARRAY[%(param_1)s, %(param_2)s, %(param_3)s, %(param_4)s, %(param_5)s]) AND pg_catalog.pg_table_is_visible(pg_catalog.pg_class.oid) AND pg_catalog.pg_namespace.nspname != %(nspname_1)s
2025-12-28 11:19:28,371 INFO [cached since 2.136s ago] {'table_name': 'client', 'param_1': 'r', 'param_2': 'p', 'param_3': 'f', 'param_4': 'v', 'param_5': 'm', 'nspname_1': 'pg_catalog'}
2025-12-28 11:19:28,610 INFO SELECT pg_catalog.pg_class.relname 
FROM pg_catalog.pg_class JOIN pg_catalog.pg_namespace ON pg_catalog.pg_namespace.oid = pg_catalog.pg_class.relnamespace 
WHERE pg_catalog.pg_class.relname = %(table_name)s AND pg_catalog.pg_class.relkind = ANY (ARRAY[%(param_1)s, %(param_2)s, %(param_3)s, %(param_4)s, %(param_5)s]) AND pg_catalog.pg_table_is_visible(pg_catalog.pg_class.oid) AND pg_catalog.pg_namespace.nspname != %(nspname_1)s
2025-12-28 11:19:28,611 INFO [cached since 2.375s ago] {'table_name': 'route', 'param_1': 'r', 'param_2': 'p', 'param_3': 'f', 'param_4': 'v', 'param_5': 'm', 'nspname_1': 'pg_catalog'}
2025-12-28 11:19:28,850 INFO COMMIT
2025-12-28 11:19:29,237 INFO BEGIN (implicit)
2025-12-28 11:19:29,247 INFO SELECT employee.id, employee.registration_id, employee.name, employee.admission_date, employee.cost_center, employee.role, employee.birthday, employee.photo_url, employee.status, employee.work_shift, employee.vacation_start, employee.vacation_end 
FROM employee 
WHERE employee.status = %(status_1)s
2025-12-28 11:19:29,247 INFO [generated in 0.00058s] {'status_1': 'active'}
2025-12-28 11:19:29,909 INFO SELECT employee.id, employee.registration_id, employee.name, employee.admission_date, employee.cost_center, employee.role, employee.birthday, employee.photo_url, employee.status, employee.work_shift, employee.vacation_start, employee.vacation_end 
FROM employee 
WHERE employee.status = %(status_1)s
2025-12-28 11:19:29,909 INFO [cached since 0.6623s ago] {'status_1': 'vacation'}
2025-12-28 11:19:30,171 INFO ROLLBACK
2025-12-28 11:19:37,652 INFO BEGIN (implicit)
2025-12-28 11:19:37,654 INFO SELECT employee.id, employee.registration_id, employee.name, employee.admission_date, employee.cost_center, employee.role, employee.birthday, employee.photo_url, employee.status, employee.work_shift, employee.vacation_start, employee.vacation_end 
FROM employee 
WHERE employee.status != %(status_1)s
2025-12-28 11:19:37,654 INFO [generated in 0.00045s] {'status_1': 'fired'}
2025-12-28 11:19:38,320 INFO SELECT dailyoperation.id, dailyoperation.date, dailyoperation.shift, dailyoperation.tonnage, dailyoperation.attendance_log, dailyoperation.logs, dailyoperation.arrival_time, dailyoperation.exit_time, dailyoperation.report, dailyoperation.rating, dailyoperation.status, dailyoperation.created_at, dailyoperation.updated_at 
FROM dailyoperation 
WHERE dailyoperation.date = %(date_1)s AND dailyoperation.shift = %(shift_1)s
2025-12-28 11:19:38,321 INFO [generated in 0.00059s] {'date_1': '2025-12-28', 'shift_1': 'Manhã'}
2025-12-28 11:19:38,564 ERROR Error in smart_flow_page
Traceback (most recent call last):
  File "C:\Projeto\analise_operacional\.venv\Lib\site-packages\sqlalchemy\engine\base.py", line 1967, in _exec_single_context
    self.dialect.do_execute(
    ~~~~~~~~~~~~~~~~~~~~~~~^
        cursor, str_statement, effective_parameters, context
        ^^^^^^^^^^^^^^^^^^^^^^^^^^^^^^^^^^^^^^^^^^^^^^^^^^^^
    )
    ^
  File "C:\Projeto\analise_operacional\.venv\Lib\site-packages\sqlalchemy\engine\default.py", line 952, in do_execute
    cursor.execute(statement, parameters)
    ~~~~~~~~~~~~~~^^^^^^^^^^^^^^^^^^^^^^^
psycopg2.errors.UndefinedColumn: column dailyoperation.logs does not exist
LINE 1: ...operation.tonnage, dailyoperation.attendance_log, dailyopera...
                                                             ^


The above exception was the direct cause of the following exception:

Traceback (most recent call last):
  File "C:\Projeto\analise_operacional\main.py", line 488, in smart_flow_page
    daily_op = session.exec(
               ~~~~~~~~~~~~^
        select(models.DailyOperation)
        ^^^^^^^^^^^^^^^^^^^^^^^^^^^^^
        .where(models.DailyOperation.date == date)
        ^^^^^^^^^^^^^^^^^^^^^^^^^^^^^^^^^^^^^^^^^^
        .where(models.DailyOperation.shift == shift)
        ^^^^^^^^^^^^^^^^^^^^^^^^^^^^^^^^^^^^^^^^^^^^
    ).first()
    ^
  File "C:\Projeto\analise_operacional\.venv\Lib\site-packages\sqlmodel\orm\session.py", line 83, in exec
    results = super().execute(
        statement,
    ...<4 lines>...
        _add_event=_add_event,
    )
  File "C:\Projeto\analise_operacional\.venv\Lib\site-packages\sqlalchemy\orm\session.py", line 2351, in execute
    return self._execute_internal(
           ~~~~~~~~~~~~~~~~~~~~~~^
        statement,
        ^^^^^^^^^^
    ...<4 lines>...
        _add_event=_add_event,
        ^^^^^^^^^^^^^^^^^^^^^^
    )
    ^
  File "C:\Projeto\analise_operacional\.venv\Lib\site-packages\sqlalchemy\orm\session.py", line 2249, in _execute_internal
    result: Result[Any] = compile_state_cls.orm_execute_statement(
                          ~~~~~~~~~~~~~~~~~~~~~~~~~~~~~~~~~~~~~~~^
        self,
        ^^^^^
    ...<4 lines>...
        conn,
        ^^^^^
    )
    ^
  File "C:\Projeto\analise_operacional\.venv\Lib\site-packages\sqlalchemy\orm\context.py", line 306, in orm_execute_statement
    result = conn.execute(
        statement, params or {}, execution_options=execution_options
    )
  File "C:\Projeto\analise_operacional\.venv\Lib\site-packages\sqlalchemy\engine\base.py", line 1419, in execute
    return meth(
        self,
        distilled_parameters,
        execution_options or NO_OPTIONS,
    )
  File "C:\Projeto\analise_operacional\.venv\Lib\site-packages\sqlalchemy\sql\elements.py", line 527, in _execute_on_connection
    return connection._execute_clauseelement(
           ~~~~~~~~~~~~~~~~~~~~~~~~~~~~~~~~~^
        self, distilled_params, execution_options
        ^^^^^^^^^^^^^^^^^^^^^^^^^^^^^^^^^^^^^^^^^
    )
    ^
  File "C:\Projeto\analise_operacional\.venv\Lib\site-packages\sqlalchemy\engine\base.py", line 1641, in _execute_clauseelement
    ret = self._execute_context(
        dialect,
    ...<8 lines>...
        cache_hit=cache_hit,
    )
  File "C:\Projeto\analise_operacional\.venv\Lib\site-packages\sqlalchemy\engine\base.py", line 1846, in _execute_context
    return self._exec_single_context(
           ~~~~~~~~~~~~~~~~~~~~~~~~~^
        dialect, context, statement, parameters
        ^^^^^^^^^^^^^^^^^^^^^^^^^^^^^^^^^^^^^^^
    )
    ^
  File "C:\Projeto\analise_operacional\.venv\Lib\site-packages\sqlalchemy\engine\base.py", line 1986, in _exec_single_context
    self._handle_dbapi_exception(
    ~~~~~~~~~~~~~~~~~~~~~~~~~~~~^
        e, str_statement, effective_parameters, cursor, context
        ^^^^^^^^^^^^^^^^^^^^^^^^^^^^^^^^^^^^^^^^^^^^^^^^^^^^^^^
    )
    ^
  File "C:\Projeto\analise_operacional\.venv\Lib\site-packages\sqlalchemy\engine\base.py", line 2363, in _handle_dbapi_exception
    raise sqlalchemy_exception.with_traceback(exc_info[2]) from e
  File "C:\Projeto\analise_operacional\.venv\Lib\site-packages\sqlalchemy\engine\base.py", line 1967, in _exec_single_context
    self.dialect.do_execute(
    ~~~~~~~~~~~~~~~~~~~~~~~^
        cursor, str_statement, effective_parameters, context
        ^^^^^^^^^^^^^^^^^^^^^^^^^^^^^^^^^^^^^^^^^^^^^^^^^^^^
    )
    ^
  File "C:\Projeto\analise_operacional\.venv\Lib\site-packages\sqlalchemy\engine\default.py", line 952, in do_execute
    cursor.execute(statement, parameters)
    ~~~~~~~~~~~~~~^^^^^^^^^^^^^^^^^^^^^^^
sqlalchemy.exc.ProgrammingError: (psycopg2.errors.UndefinedColumn) column dailyoperation.logs does not exist
LINE 1: ...operation.tonnage, dailyoperation.attendance_log, dailyopera...
                                                             ^

[SQL: SELECT dailyoperation.id, dailyoperation.date, dailyoperation.shift, dailyoperation.tonnage, dailyoperation.attendance_log, dailyoperation.logs, dailyoperation.arrival_time, dailyoperation.exit_time, dailyoperation.report, dailyoperation.rating, dailyoperation.status, dailyoperation.created_at, dailyoperation.updated_at 
FROM dailyoperation 
WHERE dailyoperation.date = %(date_1)s AND dailyoperation.shift = %(shift_1)s]
[parameters: {'date_1': '2025-12-28', 'shift_1': 'Manhã'}]
(Background on this error at: https://sqlalche.me/e/20/f405)
2025-12-28 11:19:38,571 INFO ROLLBACK
2025-12-28 11:19:49,615 INFO BEGIN (implicit)
2025-12-28 11:19:49,616 INFO SELECT employee.id, employee.registration_id, employee.name, employee.admission_date, employee.cost_center, employee.role, employee.birthday, employee.photo_url, employee.status, employee.work_shift, employee.vacation_start, employee.vacation_end 
FROM employee 
WHERE employee.status = %(status_1)s
2025-12-28 11:19:49,616 INFO [cached since 20.37s ago] {'status_1': 'active'}
2025-12-28 11:19:50,282 INFO SELECT employee.id, employee.registration_id, employee.name, employee.admission_date, employee.cost_center, employee.role, employee.birthday, employee.photo_url, employee.status, employee.work_shift, employee.vacation_start, employee.vacation_end 
FROM employee 
WHERE employee.status = %(status_1)s
2025-12-28 11:19:50,282 INFO [cached since 21.03s ago] {'status_1': 'vacation'}
2025-12-28 11:19:50,524 INFO ROLLBACK
2025-12-28 11:19:52,465 INFO BEGIN (implicit)
2025-12-28 11:19:52,466 INFO SELECT employee.id, employee.registration_id, employee.name, employee.admission_date, employee.cost_center, employee.role, employee.birthday, employee.photo_url, employee.status, employee.work_shift, employee.vacation_start, employee.vacation_end 
FROM employee 
WHERE employee.status != %(status_1)s
2025-12-28 11:19:52,466 INFO [cached since 14.81s ago] {'status_1': 'fired'}
2025-12-28 11:19:53,121 INFO SELECT dailyoperation.id, dailyoperation.date, dailyoperation.shift, dailyoperation.tonnage, dailyoperation.attendance_log, dailyoperation.logs, dailyoperation.arrival_time, dailyoperation.exit_time, dailyoperation.report, dailyoperation.rating, dailyoperation.status, dailyoperation.created_at, dailyoperation.updated_at 
FROM dailyoperation 
WHERE dailyoperation.date = %(date_1)s AND dailyoperation.shift = %(shift_1)s
2025-12-28 11:19:53,122 INFO [cached since 14.8s ago] {'date_1': '2025-12-28', 'shift_1': 'Manhã'}
2025-12-28 11:19:53,360 ERROR Error in smart_flow_page
Traceback (most recent call last):
  File "C:\Projeto\analise_operacional\.venv\Lib\site-packages\sqlalchemy\engine\base.py", line 1967, in _exec_single_context
    self.dialect.do_execute(
    ~~~~~~~~~~~~~~~~~~~~~~~^
        cursor, str_statement, effective_parameters, context
        ^^^^^^^^^^^^^^^^^^^^^^^^^^^^^^^^^^^^^^^^^^^^^^^^^^^^
    )
    ^
  File "C:\Projeto\analise_operacional\.venv\Lib\site-packages\sqlalchemy\engine\default.py", line 952, in do_execute
    cursor.execute(statement, parameters)
    ~~~~~~~~~~~~~~^^^^^^^^^^^^^^^^^^^^^^^
psycopg2.errors.UndefinedColumn: column dailyoperation.logs does not exist
LINE 1: ...operation.tonnage, dailyoperation.attendance_log, dailyopera...
                                                             ^


The above exception was the direct cause of the following exception:

Traceback (most recent call last):
  File "C:\Projeto\analise_operacional\main.py", line 488, in smart_flow_page
    daily_op = session.exec(
               ~~~~~~~~~~~~^
        select(models.DailyOperation)
        ^^^^^^^^^^^^^^^^^^^^^^^^^^^^^
        .where(models.DailyOperation.date == date)
        ^^^^^^^^^^^^^^^^^^^^^^^^^^^^^^^^^^^^^^^^^^
        .where(models.DailyOperation.shift == shift)
        ^^^^^^^^^^^^^^^^^^^^^^^^^^^^^^^^^^^^^^^^^^^^
    ).first()
    ^
  File "C:\Projeto\analise_operacional\.venv\Lib\site-packages\sqlmodel\orm\session.py", line 83, in exec
    results = super().execute(
        statement,
    ...<4 lines>...
        _add_event=_add_event,
    )
  File "C:\Projeto\analise_operacional\.venv\Lib\site-packages\sqlalchemy\orm\session.py", line 2351, in execute
    return self._execute_internal(
           ~~~~~~~~~~~~~~~~~~~~~~^
        statement,
        ^^^^^^^^^^
    ...<4 lines>...
        _add_event=_add_event,
        ^^^^^^^^^^^^^^^^^^^^^^
    )
    ^
  File "C:\Projeto\analise_operacional\.venv\Lib\site-packages\sqlalchemy\orm\session.py", line 2249, in _execute_internal
    result: Result[Any] = compile_state_cls.orm_execute_statement(
                          ~~~~~~~~~~~~~~~~~~~~~~~~~~~~~~~~~~~~~~~^
        self,
        ^^^^^
    ...<4 lines>...
        conn,
        ^^^^^
    )
    ^
  File "C:\Projeto\analise_operacional\.venv\Lib\site-packages\sqlalchemy\orm\context.py", line 306, in orm_execute_statement
    result = conn.execute(
        statement, params or {}, execution_options=execution_options
    )
  File "C:\Projeto\analise_operacional\.venv\Lib\site-packages\sqlalchemy\engine\base.py", line 1419, in execute
    return meth(
        self,
        distilled_parameters,
        execution_options or NO_OPTIONS,
    )
  File "C:\Projeto\analise_operacional\.venv\Lib\site-packages\sqlalchemy\sql\elements.py", line 527, in _execute_on_connection
    return connection._execute_clauseelement(
           ~~~~~~~~~~~~~~~~~~~~~~~~~~~~~~~~~^
        self, distilled_params, execution_options
        ^^^^^^^^^^^^^^^^^^^^^^^^^^^^^^^^^^^^^^^^^
    )
    ^
  File "C:\Projeto\analise_operacional\.venv\Lib\site-packages\sqlalchemy\engine\base.py", line 1641, in _execute_clauseelement
    ret = self._execute_context(
        dialect,
    ...<8 lines>...
        cache_hit=cache_hit,
    )
  File "C:\Projeto\analise_operacional\.venv\Lib\site-packages\sqlalchemy\engine\base.py", line 1846, in _execute_context
    return self._exec_single_context(
           ~~~~~~~~~~~~~~~~~~~~~~~~~^
        dialect, context, statement, parameters
        ^^^^^^^^^^^^^^^^^^^^^^^^^^^^^^^^^^^^^^^
    )
    ^
  File "C:\Projeto\analise_operacional\.venv\Lib\site-packages\sqlalchemy\engine\base.py", line 1986, in _exec_single_context
    self._handle_dbapi_exception(
    ~~~~~~~~~~~~~~~~~~~~~~~~~~~~^
        e, str_statement, effective_parameters, cursor, context
        ^^^^^^^^^^^^^^^^^^^^^^^^^^^^^^^^^^^^^^^^^^^^^^^^^^^^^^^
    )
    ^
  File "C:\Projeto\analise_operacional\.venv\Lib\site-packages\sqlalchemy\engine\base.py", line 2363, in _handle_dbapi_exception
    raise sqlalchemy_exception.with_traceback(exc_info[2]) from e
  File "C:\Projeto\analise_operacional\.venv\Lib\site-packages\sqlalchemy\engine\base.py", line 1967, in _exec_single_context
    self.dialect.do_execute(
    ~~~~~~~~~~~~~~~~~~~~~~~^
        cursor, str_statement, effective_parameters, context
        ^^^^^^^^^^^^^^^^^^^^^^^^^^^^^^^^^^^^^^^^^^^^^^^^^^^^
    )
    ^
  File "C:\Projeto\analise_operacional\.venv\Lib\site-packages\sqlalchemy\engine\default.py", line 952, in do_execute
    cursor.execute(statement, parameters)
    ~~~~~~~~~~~~~~^^^^^^^^^^^^^^^^^^^^^^^
sqlalchemy.exc.ProgrammingError: (psycopg2.errors.UndefinedColumn) column dailyoperation.logs does not exist
LINE 1: ...operation.tonnage, dailyoperation.attendance_log, dailyopera...
                                                             ^

[SQL: SELECT dailyoperation.id, dailyoperation.date, dailyoperation.shift, dailyoperation.tonnage, dailyoperation.attendance_log, dailyoperation.logs, dailyoperation.arrival_time, dailyoperation.exit_time, dailyoperation.report, dailyoperation.rating, dailyoperation.status, dailyoperation.created_at, dailyoperation.updated_at 
FROM dailyoperation 
WHERE dailyoperation.date = %(date_1)s AND dailyoperation.shift = %(shift_1)s]
[parameters: {'date_1': '2025-12-28', 'shift_1': 'Manhã'}]
(Background on this error at: https://sqlalche.me/e/20/f405)
2025-12-28 11:19:53,363 INFO ROLLBACK
2025-12-28 11:20:03,936 INFO BEGIN (implicit)
2025-12-28 11:20:03,936 INFO SELECT employee.id, employee.registration_id, employee.name, employee.admission_date, employee.cost_center, employee.role, employee.birthday, employee.photo_url, employee.status, employee.work_shift, employee.vacation_start, employee.vacation_end 
FROM employee 
WHERE employee.status = %(status_1)s
2025-12-28 11:20:03,937 INFO [cached since 34.69s ago] {'status_1': 'active'}
2025-12-28 11:20:04,598 INFO SELECT employee.id, employee.registration_id, employee.name, employee.admission_date, employee.cost_center, employee.role, employee.birthday, employee.photo_url, employee.status, employee.work_shift, employee.vacation_start, employee.vacation_end 
FROM employee 
WHERE employee.status = %(status_1)s
2025-12-28 11:20:04,599 INFO [cached since 35.35s ago] {'status_1': 'vacation'}
2025-12-28 11:20:04,848 INFO ROLLBACK
2025-12-28 11:20:11,106 INFO BEGIN (implicit)
2025-12-28 11:20:11,106 INFO SELECT employee.id, employee.registration_id, employee.name, employee.admission_date, employee.cost_center, employee.role, employee.birthday, employee.photo_url, employee.status, employee.work_shift, employee.vacation_start, employee.vacation_end 
FROM employee 
WHERE employee.status != %(status_1)s
2025-12-28 11:20:11,107 INFO [cached since 33.45s ago] {'status_1': 'fired'}
2025-12-28 11:20:11,767 INFO SELECT dailyoperation.id, dailyoperation.date, dailyoperation.shift, dailyoperation.tonnage, dailyoperation.attendance_log, dailyoperation.logs, dailyoperation.arrival_time, dailyoperation.exit_time, dailyoperation.report, dailyoperation.rating, dailyoperation.status, dailyoperation.created_at, dailyoperation.updated_at 
FROM dailyoperation 
WHERE dailyoperation.date = %(date_1)s AND dailyoperation.shift = %(shift_1)s
2025-12-28 11:20:11,767 INFO [cached since 33.45s ago] {'date_1': '2025-12-28', 'shift_1': 'Manhã'}
2025-12-28 11:20:12,009 ERROR Error in smart_flow_page
Traceback (most recent call last):
  File "C:\Projeto\analise_operacional\.venv\Lib\site-packages\sqlalchemy\engine\base.py", line 1967, in _exec_single_context
    self.dialect.do_execute(
    ~~~~~~~~~~~~~~~~~~~~~~~^
        cursor, str_statement, effective_parameters, context
        ^^^^^^^^^^^^^^^^^^^^^^^^^^^^^^^^^^^^^^^^^^^^^^^^^^^^
    )
    ^
  File "C:\Projeto\analise_operacional\.venv\Lib\site-packages\sqlalchemy\engine\default.py", line 952, in do_execute
    cursor.execute(statement, parameters)
    ~~~~~~~~~~~~~~^^^^^^^^^^^^^^^^^^^^^^^
psycopg2.errors.UndefinedColumn: column dailyoperation.logs does not exist
LINE 1: ...operation.tonnage, dailyoperation.attendance_log, dailyopera...
                                                             ^


The above exception was the direct cause of the following exception:

Traceback (most recent call last):
  File "C:\Projeto\analise_operacional\main.py", line 488, in smart_flow_page
    daily_op = session.exec(
               ~~~~~~~~~~~~^
        select(models.DailyOperation)
        ^^^^^^^^^^^^^^^^^^^^^^^^^^^^^
        .where(models.DailyOperation.date == date)
        ^^^^^^^^^^^^^^^^^^^^^^^^^^^^^^^^^^^^^^^^^^
        .where(models.DailyOperation.shift == shift)
        ^^^^^^^^^^^^^^^^^^^^^^^^^^^^^^^^^^^^^^^^^^^^
    ).first()
    ^
  File "C:\Projeto\analise_operacional\.venv\Lib\site-packages\sqlmodel\orm\session.py", line 83, in exec
    results = super().execute(
        statement,
    ...<4 lines>...
        _add_event=_add_event,
    )
  File "C:\Projeto\analise_operacional\.venv\Lib\site-packages\sqlalchemy\orm\session.py", line 2351, in execute
    return self._execute_internal(
           ~~~~~~~~~~~~~~~~~~~~~~^
        statement,
        ^^^^^^^^^^
    ...<4 lines>...
        _add_event=_add_event,
        ^^^^^^^^^^^^^^^^^^^^^^
    )
    ^
  File "C:\Projeto\analise_operacional\.venv\Lib\site-packages\sqlalchemy\orm\session.py", line 2249, in _execute_internal
    result: Result[Any] = compile_state_cls.orm_execute_statement(
                          ~~~~~~~~~~~~~~~~~~~~~~~~~~~~~~~~~~~~~~~^
        self,
        ^^^^^
    ...<4 lines>...
        conn,
        ^^^^^
    )
    ^
  File "C:\Projeto\analise_operacional\.venv\Lib\site-packages\sqlalchemy\orm\context.py", line 306, in orm_execute_statement
    result = conn.execute(
        statement, params or {}, execution_options=execution_options
    )
  File "C:\Projeto\analise_operacional\.venv\Lib\site-packages\sqlalchemy\engine\base.py", line 1419, in execute
    return meth(
        self,
        distilled_parameters,
        execution_options or NO_OPTIONS,
    )
  File "C:\Projeto\analise_operacional\.venv\Lib\site-packages\sqlalchemy\sql\elements.py", line 527, in _execute_on_connection
    return connection._execute_clauseelement(
           ~~~~~~~~~~~~~~~~~~~~~~~~~~~~~~~~~^
        self, distilled_params, execution_options
        ^^^^^^^^^^^^^^^^^^^^^^^^^^^^^^^^^^^^^^^^^
    )
    ^
  File "C:\Projeto\analise_operacional\.venv\Lib\site-packages\sqlalchemy\engine\base.py", line 1641, in _execute_clauseelement
    ret = self._execute_context(
        dialect,
    ...<8 lines>...
        cache_hit=cache_hit,
    )
  File "C:\Projeto\analise_operacional\.venv\Lib\site-packages\sqlalchemy\engine\base.py", line 1846, in _execute_context
    return self._exec_single_context(
           ~~~~~~~~~~~~~~~~~~~~~~~~~^
        dialect, context, statement, parameters
        ^^^^^^^^^^^^^^^^^^^^^^^^^^^^^^^^^^^^^^^
    )
    ^
  File "C:\Projeto\analise_operacional\.venv\Lib\site-packages\sqlalchemy\engine\base.py", line 1986, in _exec_single_context
    self._handle_dbapi_exception(
    ~~~~~~~~~~~~~~~~~~~~~~~~~~~~^
        e, str_statement, effective_parameters, cursor, context
        ^^^^^^^^^^^^^^^^^^^^^^^^^^^^^^^^^^^^^^^^^^^^^^^^^^^^^^^
    )
    ^
  File "C:\Projeto\analise_operacional\.venv\Lib\site-packages\sqlalchemy\engine\base.py", line 2363, in _handle_dbapi_exception
    raise sqlalchemy_exception.with_traceback(exc_info[2]) from e
  File "C:\Projeto\analise_operacional\.venv\Lib\site-packages\sqlalchemy\engine\base.py", line 1967, in _exec_single_context
    self.dialect.do_execute(
    ~~~~~~~~~~~~~~~~~~~~~~~^
        cursor, str_statement, effective_parameters, context
        ^^^^^^^^^^^^^^^^^^^^^^^^^^^^^^^^^^^^^^^^^^^^^^^^^^^^
    )
    ^
  File "C:\Projeto\analise_operacional\.venv\Lib\site-packages\sqlalchemy\engine\default.py", line 952, in do_execute
    cursor.execute(statement, parameters)
    ~~~~~~~~~~~~~~^^^^^^^^^^^^^^^^^^^^^^^
sqlalchemy.exc.ProgrammingError: (psycopg2.errors.UndefinedColumn) column dailyoperation.logs does not exist
LINE 1: ...operation.tonnage, dailyoperation.attendance_log, dailyopera...
                                                             ^

[SQL: SELECT dailyoperation.id, dailyoperation.date, dailyoperation.shift, dailyoperation.tonnage, dailyoperation.attendance_log, dailyoperation.logs, dailyoperation.arrival_time, dailyoperation.exit_time, dailyoperation.report, dailyoperation.rating, dailyoperation.status, dailyoperation.created_at, dailyoperation.updated_at 
FROM dailyoperation 
WHERE dailyoperation.date = %(date_1)s AND dailyoperation.shift = %(shift_1)s]
[parameters: {'date_1': '2025-12-28', 'shift_1': 'Manhã'}]
(Background on this error at: https://sqlalche.me/e/20/f405)
2025-12-28 11:20:12,011 INFO ROLLBACK
2025-12-28 11:20:41,551 INFO BEGIN (implicit)
2025-12-28 11:20:41,551 INFO SELECT employee.id, employee.registration_id, employee.name, employee.admission_date, employee.cost_center, employee.role, employee.birthday, employee.photo_url, employee.status, employee.work_shift, employee.vacation_start, employee.vacation_end 
FROM employee 
WHERE employee.status != %(status_1)s
2025-12-28 11:20:41,552 INFO [cached since 63.9s ago] {'status_1': 'fired'}
2025-12-28 11:20:42,222 INFO SELECT dailyoperation.id, dailyoperation.date, dailyoperation.shift, dailyoperation.tonnage, dailyoperation.attendance_log, dailyoperation.logs, dailyoperation.arrival_time, dailyoperation.exit_time, dailyoperation.report, dailyoperation.rating, dailyoperation.status, dailyoperation.created_at, dailyoperation.updated_at 
FROM dailyoperation 
WHERE dailyoperation.date = %(date_1)s AND dailyoperation.shift = %(shift_1)s
2025-12-28 11:20:42,223 INFO [cached since 63.9s ago] {'date_1': '2025-12-28', 'shift_1': 'Manhã'}
2025-12-28 11:20:42,461 ERROR Error in smart_flow_page
Traceback (most recent call last):
  File "C:\Projeto\analise_operacional\.venv\Lib\site-packages\sqlalchemy\engine\base.py", line 1967, in _exec_single_context
    self.dialect.do_execute(
    ~~~~~~~~~~~~~~~~~~~~~~~^
        cursor, str_statement, effective_parameters, context
        ^^^^^^^^^^^^^^^^^^^^^^^^^^^^^^^^^^^^^^^^^^^^^^^^^^^^
    )
    ^
  File "C:\Projeto\analise_operacional\.venv\Lib\site-packages\sqlalchemy\engine\default.py", line 952, in do_execute
    cursor.execute(statement, parameters)
    ~~~~~~~~~~~~~~^^^^^^^^^^^^^^^^^^^^^^^
psycopg2.errors.UndefinedColumn: column dailyoperation.logs does not exist
LINE 1: ...operation.tonnage, dailyoperation.attendance_log, dailyopera...
                                                             ^


The above exception was the direct cause of the following exception:

Traceback (most recent call last):
  File "C:\Projeto\analise_operacional\main.py", line 488, in smart_flow_page
    daily_op = session.exec(
               ~~~~~~~~~~~~^
        select(models.DailyOperation)
        ^^^^^^^^^^^^^^^^^^^^^^^^^^^^^
        .where(models.DailyOperation.date == date)
        ^^^^^^^^^^^^^^^^^^^^^^^^^^^^^^^^^^^^^^^^^^
        .where(models.DailyOperation.shift == shift)
        ^^^^^^^^^^^^^^^^^^^^^^^^^^^^^^^^^^^^^^^^^^^^
    ).first()
    ^
  File "C:\Projeto\analise_operacional\.venv\Lib\site-packages\sqlmodel\orm\session.py", line 83, in exec
    results = super().execute(
        statement,
    ...<4 lines>...
        _add_event=_add_event,
    )
  File "C:\Projeto\analise_operacional\.venv\Lib\site-packages\sqlalchemy\orm\session.py", line 2351, in execute
    return self._execute_internal(
           ~~~~~~~~~~~~~~~~~~~~~~^
        statement,
        ^^^^^^^^^^
    ...<4 lines>...
        _add_event=_add_event,
        ^^^^^^^^^^^^^^^^^^^^^^
    )
    ^
  File "C:\Projeto\analise_operacional\.venv\Lib\site-packages\sqlalchemy\orm\session.py", line 2249, in _execute_internal
    result: Result[Any] = compile_state_cls.orm_execute_statement(
                          ~~~~~~~~~~~~~~~~~~~~~~~~~~~~~~~~~~~~~~~^
        self,
        ^^^^^
    ...<4 lines>...
        conn,
        ^^^^^
    )
    ^
  File "C:\Projeto\analise_operacional\.venv\Lib\site-packages\sqlalchemy\orm\context.py", line 306, in orm_execute_statement
    result = conn.execute(
        statement, params or {}, execution_options=execution_options
    )
  File "C:\Projeto\analise_operacional\.venv\Lib\site-packages\sqlalchemy\engine\base.py", line 1419, in execute
    return meth(
        self,
        distilled_parameters,
        execution_options or NO_OPTIONS,
    )
  File "C:\Projeto\analise_operacional\.venv\Lib\site-packages\sqlalchemy\sql\elements.py", line 527, in _execute_on_connection
    return connection._execute_clauseelement(
           ~~~~~~~~~~~~~~~~~~~~~~~~~~~~~~~~~^
        self, distilled_params, execution_options
        ^^^^^^^^^^^^^^^^^^^^^^^^^^^^^^^^^^^^^^^^^
    )
    ^
  File "C:\Projeto\analise_operacional\.venv\Lib\site-packages\sqlalchemy\engine\base.py", line 1641, in _execute_clauseelement
    ret = self._execute_context(
        dialect,
    ...<8 lines>...
        cache_hit=cache_hit,
    )
  File "C:\Projeto\analise_operacional\.venv\Lib\site-packages\sqlalchemy\engine\base.py", line 1846, in _execute_context
    return self._exec_single_context(
           ~~~~~~~~~~~~~~~~~~~~~~~~~^
        dialect, context, statement, parameters
        ^^^^^^^^^^^^^^^^^^^^^^^^^^^^^^^^^^^^^^^
    )
    ^
  File "C:\Projeto\analise_operacional\.venv\Lib\site-packages\sqlalchemy\engine\base.py", line 1986, in _exec_single_context
    self._handle_dbapi_exception(
    ~~~~~~~~~~~~~~~~~~~~~~~~~~~~^
        e, str_statement, effective_parameters, cursor, context
        ^^^^^^^^^^^^^^^^^^^^^^^^^^^^^^^^^^^^^^^^^^^^^^^^^^^^^^^
    )
    ^
  File "C:\Projeto\analise_operacional\.venv\Lib\site-packages\sqlalchemy\engine\base.py", line 2363, in _handle_dbapi_exception
    raise sqlalchemy_exception.with_traceback(exc_info[2]) from e
  File "C:\Projeto\analise_operacional\.venv\Lib\site-packages\sqlalchemy\engine\base.py", line 1967, in _exec_single_context
    self.dialect.do_execute(
    ~~~~~~~~~~~~~~~~~~~~~~~^
        cursor, str_statement, effective_parameters, context
        ^^^^^^^^^^^^^^^^^^^^^^^^^^^^^^^^^^^^^^^^^^^^^^^^^^^^
    )
    ^
  File "C:\Projeto\analise_operacional\.venv\Lib\site-packages\sqlalchemy\engine\default.py", line 952, in do_execute
    cursor.execute(statement, parameters)
    ~~~~~~~~~~~~~~^^^^^^^^^^^^^^^^^^^^^^^
sqlalchemy.exc.ProgrammingError: (psycopg2.errors.UndefinedColumn) column dailyoperation.logs does not exist
LINE 1: ...operation.tonnage, dailyoperation.attendance_log, dailyopera...
                                                             ^

[SQL: SELECT dailyoperation.id, dailyoperation.date, dailyoperation.shift, dailyoperation.tonnage, dailyoperation.attendance_log, dailyoperation.logs, dailyoperation.arrival_time, dailyoperation.exit_time, dailyoperation.report, dailyoperation.rating, dailyoperation.status, dailyoperation.created_at, dailyoperation.updated_at 
FROM dailyoperation 
WHERE dailyoperation.date = %(date_1)s AND dailyoperation.shift = %(shift_1)s]
[parameters: {'date_1': '2025-12-28', 'shift_1': 'Manhã'}]
(Background on this error at: https://sqlalche.me/e/20/f405)
2025-12-28 11:20:42,467 INFO ROLLBACK
2025-12-28 11:21:01,356 INFO BEGIN (implicit)
2025-12-28 11:21:01,356 INFO SELECT employee.id, employee.registration_id, employee.name, employee.admission_date, employee.cost_center, employee.role, employee.birthday, employee.photo_url, employee.status, employee.work_shift, employee.vacation_start, employee.vacation_end 
FROM employee 
WHERE employee.status != %(status_1)s
2025-12-28 11:21:01,357 INFO [cached since 83.7s ago] {'status_1': 'fired'}
2025-12-28 11:21:02,017 INFO SELECT dailyoperation.id, dailyoperation.date, dailyoperation.shift, dailyoperation.tonnage, dailyoperation.attendance_log, dailyoperation.logs, dailyoperation.arrival_time, dailyoperation.exit_time, dailyoperation.report, dailyoperation.rating, dailyoperation.status, dailyoperation.created_at, dailyoperation.updated_at 
FROM dailyoperation 
WHERE dailyoperation.date = %(date_1)s AND dailyoperation.shift = %(shift_1)s
2025-12-28 11:21:02,018 INFO [cached since 83.7s ago] {'date_1': '2025-12-28', 'shift_1': 'Manhã'}
2025-12-28 11:21:02,256 ERROR Error in smart_flow_page
Traceback (most recent call last):
  File "C:\Projeto\analise_operacional\.venv\Lib\site-packages\sqlalchemy\engine\base.py", line 1967, in _exec_single_context
    self.dialect.do_execute(
    ~~~~~~~~~~~~~~~~~~~~~~~^
        cursor, str_statement, effective_parameters, context
        ^^^^^^^^^^^^^^^^^^^^^^^^^^^^^^^^^^^^^^^^^^^^^^^^^^^^
    )
    ^
  File "C:\Projeto\analise_operacional\.venv\Lib\site-packages\sqlalchemy\engine\default.py", line 952, in do_execute
    cursor.execute(statement, parameters)
    ~~~~~~~~~~~~~~^^^^^^^^^^^^^^^^^^^^^^^
psycopg2.errors.UndefinedColumn: column dailyoperation.logs does not exist
LINE 1: ...operation.tonnage, dailyoperation.attendance_log, dailyopera...
                                                             ^


The above exception was the direct cause of the following exception:

Traceback (most recent call last):
  File "C:\Projeto\analise_operacional\main.py", line 488, in smart_flow_page
    daily_op = session.exec(
               ~~~~~~~~~~~~^
        select(models.DailyOperation)
        ^^^^^^^^^^^^^^^^^^^^^^^^^^^^^
        .where(models.DailyOperation.date == date)
        ^^^^^^^^^^^^^^^^^^^^^^^^^^^^^^^^^^^^^^^^^^
        .where(models.DailyOperation.shift == shift)
        ^^^^^^^^^^^^^^^^^^^^^^^^^^^^^^^^^^^^^^^^^^^^
    ).first()
    ^
  File "C:\Projeto\analise_operacional\.venv\Lib\site-packages\sqlmodel\orm\session.py", line 83, in exec
    results = super().execute(
        statement,
    ...<4 lines>...
        _add_event=_add_event,
    )
  File "C:\Projeto\analise_operacional\.venv\Lib\site-packages\sqlalchemy\orm\session.py", line 2351, in execute
    return self._execute_internal(
           ~~~~~~~~~~~~~~~~~~~~~~^
        statement,
        ^^^^^^^^^^
    ...<4 lines>...
        _add_event=_add_event,
        ^^^^^^^^^^^^^^^^^^^^^^
    )
    ^
  File "C:\Projeto\analise_operacional\.venv\Lib\site-packages\sqlalchemy\orm\session.py", line 2249, in _execute_internal
    result: Result[Any] = compile_state_cls.orm_execute_statement(
                          ~~~~~~~~~~~~~~~~~~~~~~~~~~~~~~~~~~~~~~~^
        self,
        ^^^^^
    ...<4 lines>...
        conn,
        ^^^^^
    )
    ^
  File "C:\Projeto\analise_operacional\.venv\Lib\site-packages\sqlalchemy\orm\context.py", line 306, in orm_execute_statement
    result = conn.execute(
        statement, params or {}, execution_options=execution_options
    )
  File "C:\Projeto\analise_operacional\.venv\Lib\site-packages\sqlalchemy\engine\base.py", line 1419, in execute
    return meth(
        self,
        distilled_parameters,
        execution_options or NO_OPTIONS,
    )
  File "C:\Projeto\analise_operacional\.venv\Lib\site-packages\sqlalchemy\sql\elements.py", line 527, in _execute_on_connection
    return connection._execute_clauseelement(
           ~~~~~~~~~~~~~~~~~~~~~~~~~~~~~~~~~^
        self, distilled_params, execution_options
        ^^^^^^^^^^^^^^^^^^^^^^^^^^^^^^^^^^^^^^^^^
    )
    ^
  File "C:\Projeto\analise_operacional\.venv\Lib\site-packages\sqlalchemy\engine\base.py", line 1641, in _execute_clauseelement
    ret = self._execute_context(
        dialect,
    ...<8 lines>...
        cache_hit=cache_hit,
    )
  File "C:\Projeto\analise_operacional\.venv\Lib\site-packages\sqlalchemy\engine\base.py", line 1846, in _execute_context
    return self._exec_single_context(
           ~~~~~~~~~~~~~~~~~~~~~~~~~^
        dialect, context, statement, parameters
        ^^^^^^^^^^^^^^^^^^^^^^^^^^^^^^^^^^^^^^^
    )
    ^
  File "C:\Projeto\analise_operacional\.venv\Lib\site-packages\sqlalchemy\engine\base.py", line 1986, in _exec_single_context
    self._handle_dbapi_exception(
    ~~~~~~~~~~~~~~~~~~~~~~~~~~~~^
        e, str_statement, effective_parameters, cursor, context
        ^^^^^^^^^^^^^^^^^^^^^^^^^^^^^^^^^^^^^^^^^^^^^^^^^^^^^^^
    )
    ^
  File "C:\Projeto\analise_operacional\.venv\Lib\site-packages\sqlalchemy\engine\base.py", line 2363, in _handle_dbapi_exception
    raise sqlalchemy_exception.with_traceback(exc_info[2]) from e
  File "C:\Projeto\analise_operacional\.venv\Lib\site-packages\sqlalchemy\engine\base.py", line 1967, in _exec_single_context
    self.dialect.do_execute(
    ~~~~~~~~~~~~~~~~~~~~~~~^
        cursor, str_statement, effective_parameters, context
        ^^^^^^^^^^^^^^^^^^^^^^^^^^^^^^^^^^^^^^^^^^^^^^^^^^^^
    )
    ^
  File "C:\Projeto\analise_operacional\.venv\Lib\site-packages\sqlalchemy\engine\default.py", line 952, in do_execute
    cursor.execute(statement, parameters)
    ~~~~~~~~~~~~~~^^^^^^^^^^^^^^^^^^^^^^^
sqlalchemy.exc.ProgrammingError: (psycopg2.errors.UndefinedColumn) column dailyoperation.logs does not exist
LINE 1: ...operation.tonnage, dailyoperation.attendance_log, dailyopera...
                                                             ^

[SQL: SELECT dailyoperation.id, dailyoperation.date, dailyoperation.shift, dailyoperation.tonnage, dailyoperation.attendance_log, dailyoperation.logs, dailyoperation.arrival_time, dailyoperation.exit_time, dailyoperation.report, dailyoperation.rating, dailyoperation.status, dailyoperation.created_at, dailyoperation.updated_at 
FROM dailyoperation 
WHERE dailyoperation.date = %(date_1)s AND dailyoperation.shift = %(shift_1)s]
[parameters: {'date_1': '2025-12-28', 'shift_1': 'Manhã'}]
(Background on this error at: https://sqlalche.me/e/20/f405)
2025-12-28 11:21:02,260 INFO ROLLBACK
2025-12-28 11:23:02,290 INFO BEGIN (implicit)
2025-12-28 11:23:02,291 INFO SELECT employee.id, employee.registration_id, employee.name, employee.admission_date, employee.cost_center, employee.role, employee.birthday, employee.photo_url, employee.status, employee.work_shift, employee.vacation_start, employee.vacation_end 
FROM employee 
WHERE employee.status = %(status_1)s
2025-12-28 11:23:02,291 INFO [cached since 213s ago] {'status_1': 'active'}
2025-12-28 11:23:02,949 INFO SELECT employee.id, employee.registration_id, employee.name, employee.admission_date, employee.cost_center, employee.role, employee.birthday, employee.photo_url, employee.status, employee.work_shift, employee.vacation_start, employee.vacation_end 
FROM employee 
WHERE employee.status = %(status_1)s
2025-12-28 11:23:02,950 INFO [cached since 213.7s ago] {'status_1': 'vacation'}
2025-12-28 11:23:03,190 INFO ROLLBACK
2025-12-28 11:23:10,642 INFO BEGIN (implicit)
2025-12-28 11:23:10,642 INFO SELECT employee.id, employee.registration_id, employee.name, employee.admission_date, employee.cost_center, employee.role, employee.birthday, employee.photo_url, employee.status, employee.work_shift, employee.vacation_start, employee.vacation_end 
FROM employee 
WHERE employee.status != %(status_1)s
2025-12-28 11:23:10,643 INFO [cached since 213s ago] {'status_1': 'fired'}
2025-12-28 11:23:11,300 INFO SELECT dailyoperation.id, dailyoperation.date, dailyoperation.shift, dailyoperation.tonnage, dailyoperation.attendance_log, dailyoperation.logs, dailyoperation.arrival_time, dailyoperation.exit_time, dailyoperation.report, dailyoperation.rating, dailyoperation.status, dailyoperation.created_at, dailyoperation.updated_at 
FROM dailyoperation 
WHERE dailyoperation.date = %(date_1)s AND dailyoperation.shift = %(shift_1)s
2025-12-28 11:23:11,301 INFO [cached since 213s ago] {'date_1': '2025-12-28', 'shift_1': 'Manhã'}
2025-12-28 11:23:11,542 ERROR Error in smart_flow_page
Traceback (most recent call last):
  File "C:\Projeto\analise_operacional\.venv\Lib\site-packages\sqlalchemy\engine\base.py", line 1967, in _exec_single_context
    self.dialect.do_execute(
    ~~~~~~~~~~~~~~~~~~~~~~~^
        cursor, str_statement, effective_parameters, context
        ^^^^^^^^^^^^^^^^^^^^^^^^^^^^^^^^^^^^^^^^^^^^^^^^^^^^
    )
    ^
  File "C:\Projeto\analise_operacional\.venv\Lib\site-packages\sqlalchemy\engine\default.py", line 952, in do_execute
    cursor.execute(statement, parameters)
    ~~~~~~~~~~~~~~^^^^^^^^^^^^^^^^^^^^^^^
psycopg2.errors.UndefinedColumn: column dailyoperation.logs does not exist
LINE 1: ...operation.tonnage, dailyoperation.attendance_log, dailyopera...
                                                             ^


The above exception was the direct cause of the following exception:

Traceback (most recent call last):
  File "C:\Projeto\analise_operacional\main.py", line 488, in smart_flow_page
    daily_op = session.exec(
               ~~~~~~~~~~~~^
        select(models.DailyOperation)
        ^^^^^^^^^^^^^^^^^^^^^^^^^^^^^
        .where(models.DailyOperation.date == date)
        ^^^^^^^^^^^^^^^^^^^^^^^^^^^^^^^^^^^^^^^^^^
        .where(models.DailyOperation.shift == shift)
        ^^^^^^^^^^^^^^^^^^^^^^^^^^^^^^^^^^^^^^^^^^^^
    ).first()
    ^
  File "C:\Projeto\analise_operacional\.venv\Lib\site-packages\sqlmodel\orm\session.py", line 83, in exec
    results = super().execute(
        statement,
    ...<4 lines>...
        _add_event=_add_event,
    )
  File "C:\Projeto\analise_operacional\.venv\Lib\site-packages\sqlalchemy\orm\session.py", line 2351, in execute
    return self._execute_internal(
           ~~~~~~~~~~~~~~~~~~~~~~^
        statement,
        ^^^^^^^^^^
    ...<4 lines>...
        _add_event=_add_event,
        ^^^^^^^^^^^^^^^^^^^^^^
    )
    ^
  File "C:\Projeto\analise_operacional\.venv\Lib\site-packages\sqlalchemy\orm\session.py", line 2249, in _execute_internal
    result: Result[Any] = compile_state_cls.orm_execute_statement(
                          ~~~~~~~~~~~~~~~~~~~~~~~~~~~~~~~~~~~~~~~^
        self,
        ^^^^^
    ...<4 lines>...
        conn,
        ^^^^^
    )
    ^
  File "C:\Projeto\analise_operacional\.venv\Lib\site-packages\sqlalchemy\orm\context.py", line 306, in orm_execute_statement
    result = conn.execute(
        statement, params or {}, execution_options=execution_options
    )
  File "C:\Projeto\analise_operacional\.venv\Lib\site-packages\sqlalchemy\engine\base.py", line 1419, in execute
    return meth(
        self,
        distilled_parameters,
        execution_options or NO_OPTIONS,
    )
  File "C:\Projeto\analise_operacional\.venv\Lib\site-packages\sqlalchemy\sql\elements.py", line 527, in _execute_on_connection
    return connection._execute_clauseelement(
           ~~~~~~~~~~~~~~~~~~~~~~~~~~~~~~~~~^
        self, distilled_params, execution_options
        ^^^^^^^^^^^^^^^^^^^^^^^^^^^^^^^^^^^^^^^^^
    )
    ^
  File "C:\Projeto\analise_operacional\.venv\Lib\site-packages\sqlalchemy\engine\base.py", line 1641, in _execute_clauseelement
    ret = self._execute_context(
        dialect,
    ...<8 lines>...
        cache_hit=cache_hit,
    )
  File "C:\Projeto\analise_operacional\.venv\Lib\site-packages\sqlalchemy\engine\base.py", line 1846, in _execute_context
    return self._exec_single_context(
           ~~~~~~~~~~~~~~~~~~~~~~~~~^
        dialect, context, statement, parameters
        ^^^^^^^^^^^^^^^^^^^^^^^^^^^^^^^^^^^^^^^
    )
    ^
  File "C:\Projeto\analise_operacional\.venv\Lib\site-packages\sqlalchemy\engine\base.py", line 1986, in _exec_single_context
    self._handle_dbapi_exception(
    ~~~~~~~~~~~~~~~~~~~~~~~~~~~~^
        e, str_statement, effective_parameters, cursor, context
        ^^^^^^^^^^^^^^^^^^^^^^^^^^^^^^^^^^^^^^^^^^^^^^^^^^^^^^^
    )
    ^
  File "C:\Projeto\analise_operacional\.venv\Lib\site-packages\sqlalchemy\engine\base.py", line 2363, in _handle_dbapi_exception
    raise sqlalchemy_exception.with_traceback(exc_info[2]) from e
  File "C:\Projeto\analise_operacional\.venv\Lib\site-packages\sqlalchemy\engine\base.py", line 1967, in _exec_single_context
    self.dialect.do_execute(
    ~~~~~~~~~~~~~~~~~~~~~~~^
        cursor, str_statement, effective_parameters, context
        ^^^^^^^^^^^^^^^^^^^^^^^^^^^^^^^^^^^^^^^^^^^^^^^^^^^^
    )
    ^
  File "C:\Projeto\analise_operacional\.venv\Lib\site-packages\sqlalchemy\engine\default.py", line 952, in do_execute
    cursor.execute(statement, parameters)
    ~~~~~~~~~~~~~~^^^^^^^^^^^^^^^^^^^^^^^
sqlalchemy.exc.ProgrammingError: (psycopg2.errors.UndefinedColumn) column dailyoperation.logs does not exist
LINE 1: ...operation.tonnage, dailyoperation.attendance_log, dailyopera...
                                                             ^

[SQL: SELECT dailyoperation.id, dailyoperation.date, dailyoperation.shift, dailyoperation.tonnage, dailyoperation.attendance_log, dailyoperation.logs, dailyoperation.arrival_time, dailyoperation.exit_time, dailyoperation.report, dailyoperation.rating, dailyoperation.status, dailyoperation.created_at, dailyoperation.updated_at 
FROM dailyoperation 
WHERE dailyoperation.date = %(date_1)s AND dailyoperation.shift = %(shift_1)s]
[parameters: {'date_1': '2025-12-28', 'shift_1': 'Manhã'}]
(Background on this error at: https://sqlalche.me/e/20/f405)
2025-12-28 11:23:11,545 INFO ROLLBACK
2025-12-28 11:23:20,058 INFO BEGIN (implicit)
2025-12-28 11:23:20,059 INFO SELECT employee.id, employee.registration_id, employee.name, employee.admission_date, employee.cost_center, employee.role, employee.birthday, employee.photo_url, employee.status, employee.work_shift, employee.vacation_start, employee.vacation_end 
FROM employee 
WHERE employee.status != %(status_1)s
2025-12-28 11:23:20,059 INFO [cached since 222.4s ago] {'status_1': 'fired'}
2025-12-28 11:23:20,724 INFO SELECT dailyoperation.id, dailyoperation.date, dailyoperation.shift, dailyoperation.tonnage, dailyoperation.attendance_log, dailyoperation.logs, dailyoperation.arrival_time, dailyoperation.exit_time, dailyoperation.report, dailyoperation.rating, dailyoperation.status, dailyoperation.created_at, dailyoperation.updated_at 
FROM dailyoperation 
WHERE dailyoperation.date = %(date_1)s AND dailyoperation.shift = %(shift_1)s
2025-12-28 11:23:20,724 INFO [cached since 222.4s ago] {'date_1': '2025-12-28', 'shift_1': 'Manhã'}
2025-12-28 11:23:20,962 ERROR Error in smart_flow_page
Traceback (most recent call last):
  File "C:\Projeto\analise_operacional\.venv\Lib\site-packages\sqlalchemy\engine\base.py", line 1967, in _exec_single_context
    self.dialect.do_execute(
    ~~~~~~~~~~~~~~~~~~~~~~~^
        cursor, str_statement, effective_parameters, context
        ^^^^^^^^^^^^^^^^^^^^^^^^^^^^^^^^^^^^^^^^^^^^^^^^^^^^
    )
    ^
  File "C:\Projeto\analise_operacional\.venv\Lib\site-packages\sqlalchemy\engine\default.py", line 952, in do_execute
    cursor.execute(statement, parameters)
    ~~~~~~~~~~~~~~^^^^^^^^^^^^^^^^^^^^^^^
psycopg2.errors.UndefinedColumn: column dailyoperation.logs does not exist
LINE 1: ...operation.tonnage, dailyoperation.attendance_log, dailyopera...
                                                             ^


The above exception was the direct cause of the following exception:

Traceback (most recent call last):
  File "C:\Projeto\analise_operacional\main.py", line 488, in smart_flow_page
    daily_op = session.exec(
               ~~~~~~~~~~~~^
        select(models.DailyOperation)
        ^^^^^^^^^^^^^^^^^^^^^^^^^^^^^
        .where(models.DailyOperation.date == date)
        ^^^^^^^^^^^^^^^^^^^^^^^^^^^^^^^^^^^^^^^^^^
        .where(models.DailyOperation.shift == shift)
        ^^^^^^^^^^^^^^^^^^^^^^^^^^^^^^^^^^^^^^^^^^^^
    ).first()
    ^
  File "C:\Projeto\analise_operacional\.venv\Lib\site-packages\sqlmodel\orm\session.py", line 83, in exec
    results = super().execute(
        statement,
    ...<4 lines>...
        _add_event=_add_event,
    )
  File "C:\Projeto\analise_operacional\.venv\Lib\site-packages\sqlalchemy\orm\session.py", line 2351, in execute
    return self._execute_internal(
           ~~~~~~~~~~~~~~~~~~~~~~^
        statement,
        ^^^^^^^^^^
    ...<4 lines>...
        _add_event=_add_event,
        ^^^^^^^^^^^^^^^^^^^^^^
    )
    ^
  File "C:\Projeto\analise_operacional\.venv\Lib\site-packages\sqlalchemy\orm\session.py", line 2249, in _execute_internal
    result: Result[Any] = compile_state_cls.orm_execute_statement(
                          ~~~~~~~~~~~~~~~~~~~~~~~~~~~~~~~~~~~~~~~^
        self,
        ^^^^^
    ...<4 lines>...
        conn,
        ^^^^^
    )
    ^
  File "C:\Projeto\analise_operacional\.venv\Lib\site-packages\sqlalchemy\orm\context.py", line 306, in orm_execute_statement
    result = conn.execute(
        statement, params or {}, execution_options=execution_options
    )
  File "C:\Projeto\analise_operacional\.venv\Lib\site-packages\sqlalchemy\engine\base.py", line 1419, in execute
    return meth(
        self,
        distilled_parameters,
        execution_options or NO_OPTIONS,
    )
  File "C:\Projeto\analise_operacional\.venv\Lib\site-packages\sqlalchemy\sql\elements.py", line 527, in _execute_on_connection
    return connection._execute_clauseelement(
           ~~~~~~~~~~~~~~~~~~~~~~~~~~~~~~~~~^
        self, distilled_params, execution_options
        ^^^^^^^^^^^^^^^^^^^^^^^^^^^^^^^^^^^^^^^^^
    )
    ^
  File "C:\Projeto\analise_operacional\.venv\Lib\site-packages\sqlalchemy\engine\base.py", line 1641, in _execute_clauseelement
    ret = self._execute_context(
        dialect,
    ...<8 lines>...
        cache_hit=cache_hit,
    )
  File "C:\Projeto\analise_operacional\.venv\Lib\site-packages\sqlalchemy\engine\base.py", line 1846, in _execute_context
    return self._exec_single_context(
           ~~~~~~~~~~~~~~~~~~~~~~~~~^
        dialect, context, statement, parameters
        ^^^^^^^^^^^^^^^^^^^^^^^^^^^^^^^^^^^^^^^
    )
    ^
  File "C:\Projeto\analise_operacional\.venv\Lib\site-packages\sqlalchemy\engine\base.py", line 1986, in _exec_single_context
    self._handle_dbapi_exception(
    ~~~~~~~~~~~~~~~~~~~~~~~~~~~~^
        e, str_statement, effective_parameters, cursor, context
        ^^^^^^^^^^^^^^^^^^^^^^^^^^^^^^^^^^^^^^^^^^^^^^^^^^^^^^^
    )
    ^
  File "C:\Projeto\analise_operacional\.venv\Lib\site-packages\sqlalchemy\engine\base.py", line 2363, in _handle_dbapi_exception
    raise sqlalchemy_exception.with_traceback(exc_info[2]) from e
  File "C:\Projeto\analise_operacional\.venv\Lib\site-packages\sqlalchemy\engine\base.py", line 1967, in _exec_single_context
    self.dialect.do_execute(
    ~~~~~~~~~~~~~~~~~~~~~~~^
        cursor, str_statement, effective_parameters, context
        ^^^^^^^^^^^^^^^^^^^^^^^^^^^^^^^^^^^^^^^^^^^^^^^^^^^^
    )
    ^
  File "C:\Projeto\analise_operacional\.venv\Lib\site-packages\sqlalchemy\engine\default.py", line 952, in do_execute
    cursor.execute(statement, parameters)
    ~~~~~~~~~~~~~~^^^^^^^^^^^^^^^^^^^^^^^
sqlalchemy.exc.ProgrammingError: (psycopg2.errors.UndefinedColumn) column dailyoperation.logs does not exist
LINE 1: ...operation.tonnage, dailyoperation.attendance_log, dailyopera...
                                                             ^

[SQL: SELECT dailyoperation.id, dailyoperation.date, dailyoperation.shift, dailyoperation.tonnage, dailyoperation.attendance_log, dailyoperation.logs, dailyoperation.arrival_time, dailyoperation.exit_time, dailyoperation.report, dailyoperation.rating, dailyoperation.status, dailyoperation.created_at, dailyoperation.updated_at 
FROM dailyoperation 
WHERE dailyoperation.date = %(date_1)s AND dailyoperation.shift = %(shift_1)s]
[parameters: {'date_1': '2025-12-28', 'shift_1': 'Manhã'}]
(Background on this error at: https://sqlalche.me/e/20/f405)
2025-12-28 11:23:20,965 INFO ROLLBACK
2025-12-28 11:24:19,962 INFO BEGIN (implicit)
2025-12-28 11:24:19,963 INFO SELECT employee.id, employee.registration_id, employee.name, employee.admission_date, employee.cost_center, employee.role, employee.birthday, employee.photo_url, employee.status, employee.work_shift, employee.vacation_start, employee.vacation_end 
FROM employee 
WHERE employee.status != %(status_1)s
2025-12-28 11:24:19,964 INFO [cached since 282.3s ago] {'status_1': 'fired'}
2025-12-28 11:24:20,626 INFO SELECT dailyoperation.id, dailyoperation.date, dailyoperation.shift, dailyoperation.tonnage, dailyoperation.attendance_log, dailyoperation.logs, dailyoperation.arrival_time, dailyoperation.exit_time, dailyoperation.report, dailyoperation.rating, dailyoperation.status, dailyoperation.created_at, dailyoperation.updated_at 
FROM dailyoperation 
WHERE dailyoperation.date = %(date_1)s AND dailyoperation.shift = %(shift_1)s
2025-12-28 11:24:20,626 INFO [cached since 282.3s ago] {'date_1': '2025-12-28', 'shift_1': 'Manhã'}
2025-12-28 11:24:20,865 INFO SELECT dailyoperation.id, dailyoperation.date, dailyoperation.shift, dailyoperation.tonnage, dailyoperation.attendance_log, dailyoperation.logs, dailyoperation.arrival_time, dailyoperation.exit_time, dailyoperation.report, dailyoperation.rating, dailyoperation.status, dailyoperation.created_at, dailyoperation.updated_at 
FROM dailyoperation 
WHERE dailyoperation.shift = %(shift_1)s AND dailyoperation.date < %(date_1)s ORDER BY dailyoperation.date DESC
2025-12-28 11:24:20,865 INFO [generated in 0.00063s] {'shift_1': 'Manhã', 'date_1': '2025-12-28'}
2025-12-28 11:24:21,173 INFO SELECT headcounttarget.id, headcounttarget.shift_name, headcounttarget.target_value 
FROM headcounttarget 
WHERE headcounttarget.shift_name = %(shift_name_1)s
2025-12-28 11:24:21,174 INFO [generated in 0.00054s] {'shift_name_1': 'Manhã'}
2025-12-28 11:24:21,415 INFO SELECT sectorconfiguration.id, sectorconfiguration.shift_name, sectorconfiguration.config_json, sectorconfiguration.updated_at 
FROM sectorconfiguration 
WHERE sectorconfiguration.shift_name = %(shift_name_1)s
2025-12-28 11:24:21,415 INFO [generated in 0.00042s] {'shift_name_1': 'Manhã'}
2025-12-28 11:24:21,658 INFO SELECT route.id, route.date, route.shift, route.employee_id, route.client_id, route.start_time, route.end_time, route.tonnage, route.status, route.created_at 
FROM route 
WHERE route.date = %(date_1)s AND route.shift = %(shift_1)s
2025-12-28 11:24:21,658 INFO [generated in 0.00062s] {'date_1': '2025-12-28', 'shift_1': 'Manhã'}
2025-12-28 11:24:21,923 INFO ROLLBACK
2025-12-28 11:25:12,068 INFO BEGIN (implicit)
2025-12-28 11:25:12,069 INFO SELECT employee.id, employee.registration_id, employee.name, employee.admission_date, employee.cost_center, employee.role, employee.birthday, employee.photo_url, employee.status, employee.work_shift, employee.vacation_start, employee.vacation_end 
FROM employee 
WHERE employee.status != %(status_1)s
2025-12-28 11:25:12,069 INFO [cached since 334.4s ago] {'status_1': 'fired'}
2025-12-28 11:25:12,732 INFO SELECT dailyoperation.id, dailyoperation.date, dailyoperation.shift, dailyoperation.tonnage, dailyoperation.attendance_log, dailyoperation.logs, dailyoperation.arrival_time, dailyoperation.exit_time, dailyoperation.report, dailyoperation.rating, dailyoperation.status, dailyoperation.created_at, dailyoperation.updated_at 
FROM dailyoperation 
WHERE dailyoperation.date = %(date_1)s AND dailyoperation.shift = %(shift_1)s
2025-12-28 11:25:12,732 INFO [cached since 334.4s ago] {'date_1': '2025-12-28', 'shift_1': 'Manhã'}
2025-12-28 11:25:12,980 INFO SELECT dailyoperation.id, dailyoperation.date, dailyoperation.shift, dailyoperation.tonnage, dailyoperation.attendance_log, dailyoperation.logs, dailyoperation.arrival_time, dailyoperation.exit_time, dailyoperation.report, dailyoperation.rating, dailyoperation.status, dailyoperation.created_at, dailyoperation.updated_at 
FROM dailyoperation 
WHERE dailyoperation.shift = %(shift_1)s AND dailyoperation.date < %(date_1)s ORDER BY dailyoperation.date DESC
2025-12-28 11:25:12,980 INFO [cached since 52.12s ago] {'shift_1': 'Manhã', 'date_1': '2025-12-28'}
2025-12-28 11:25:13,230 INFO SELECT headcounttarget.id, headcounttarget.shift_name, headcounttarget.target_value 
FROM headcounttarget 
WHERE headcounttarget.shift_name = %(shift_name_1)s
2025-12-28 11:25:13,230 INFO [cached since 52.06s ago] {'shift_name_1': 'Manhã'}
2025-12-28 11:25:13,468 INFO SELECT sectorconfiguration.id, sectorconfiguration.shift_name, sectorconfiguration.config_json, sectorconfiguration.updated_at 
FROM sectorconfiguration 
WHERE sectorconfiguration.shift_name = %(shift_name_1)s
2025-12-28 11:25:13,469 INFO [cached since 52.05s ago] {'shift_name_1': 'Manhã'}
2025-12-28 11:25:13,711 INFO SELECT route.id, route.date, route.shift, route.employee_id, route.client_id, route.start_time, route.end_time, route.tonnage, route.status, route.created_at 
FROM route 
WHERE route.date = %(date_1)s AND route.shift = %(shift_1)s
2025-12-28 11:25:13,712 INFO [cached since 52.05s ago] {'date_1': '2025-12-28', 'shift_1': 'Manhã'}
2025-12-28 11:25:13,960 INFO ROLLBACK
2025-12-28 11:25:50,867 INFO BEGIN (implicit)
2025-12-28 11:25:50,868 INFO SELECT employee.id, employee.registration_id, employee.name, employee.admission_date, employee.cost_center, employee.role, employee.birthday, employee.photo_url, employee.status, employee.work_shift, employee.vacation_start, employee.vacation_end 
FROM employee 
WHERE employee.status != %(status_1)s
2025-12-28 11:25:50,868 INFO [cached since 373.2s ago] {'status_1': 'fired'}
2025-12-28 11:25:51,520 INFO SELECT dailyoperation.id, dailyoperation.date, dailyoperation.shift, dailyoperation.tonnage, dailyoperation.attendance_log, dailyoperation.logs, dailyoperation.arrival_time, dailyoperation.exit_time, dailyoperation.report, dailyoperation.rating, dailyoperation.status, dailyoperation.created_at, dailyoperation.updated_at 
FROM dailyoperation 
WHERE dailyoperation.date = %(date_1)s AND dailyoperation.shift = %(shift_1)s
2025-12-28 11:25:51,520 INFO [cached since 373.2s ago] {'date_1': '2025-12-28', 'shift_1': 'Manhã'}
2025-12-28 11:25:51,764 INFO SELECT dailyoperation.id, dailyoperation.date, dailyoperation.shift, dailyoperation.tonnage, dailyoperation.attendance_log, dailyoperation.logs, dailyoperation.arrival_time, dailyoperation.exit_time, dailyoperation.report, dailyoperation.rating, dailyoperation.status, dailyoperation.created_at, dailyoperation.updated_at 
FROM dailyoperation 
WHERE dailyoperation.shift = %(shift_1)s AND dailyoperation.date < %(date_1)s ORDER BY dailyoperation.date DESC
2025-12-28 11:25:51,765 INFO [cached since 90.9s ago] {'shift_1': 'Manhã', 'date_1': '2025-12-28'}
2025-12-28 11:25:52,009 INFO SELECT headcounttarget.id, headcounttarget.shift_name, headcounttarget.target_value 
FROM headcounttarget 
WHERE headcounttarget.shift_name = %(shift_name_1)s
2025-12-28 11:25:52,010 INFO [cached since 90.84s ago] {'shift_name_1': 'Manhã'}
2025-12-28 11:25:52,249 INFO SELECT sectorconfiguration.id, sectorconfiguration.shift_name, sectorconfiguration.config_json, sectorconfiguration.updated_at 
FROM sectorconfiguration 
WHERE sectorconfiguration.shift_name = %(shift_name_1)s
2025-12-28 11:25:52,250 INFO [cached since 90.83s ago] {'shift_name_1': 'Manhã'}
2025-12-28 11:25:52,490 INFO SELECT route.id, route.date, route.shift, route.employee_id, route.client_id, route.start_time, route.end_time, route.tonnage, route.status, route.created_at 
FROM route 
WHERE route.date = %(date_1)s AND route.shift = %(shift_1)s
2025-12-28 11:25:52,491 INFO [cached since 90.83s ago] {'date_1': '2025-12-28', 'shift_1': 'Manhã'}
2025-12-28 11:25:52,736 INFO ROLLBACK
2025-12-28 11:26:18,098 INFO select pg_catalog.version()
2025-12-28 11:26:18,099 INFO [raw sql] {}
2025-12-28 11:26:18,584 INFO select current_schema()
2025-12-28 11:26:18,584 INFO [raw sql] {}
2025-12-28 11:26:19,064 INFO show standard_conforming_strings
2025-12-28 11:26:19,064 INFO [raw sql] {}
2025-12-28 11:26:19,542 INFO BEGIN (implicit)
2025-12-28 11:26:19,545 INFO SELECT pg_catalog.pg_class.relname 
FROM pg_catalog.pg_class JOIN pg_catalog.pg_namespace ON pg_catalog.pg_namespace.oid = pg_catalog.pg_class.relnamespace 
WHERE pg_catalog.pg_class.relname = %(table_name)s AND pg_catalog.pg_class.relkind = ANY (ARRAY[%(param_1)s, %(param_2)s, %(param_3)s, %(param_4)s, %(param_5)s]) AND pg_catalog.pg_table_is_visible(pg_catalog.pg_class.oid) AND pg_catalog.pg_namespace.nspname != %(nspname_1)s
2025-12-28 11:26:19,545 INFO [generated in 0.00043s] {'table_name': 'shift', 'param_1': 'r', 'param_2': 'p', 'param_3': 'f', 'param_4': 'v', 'param_5': 'm', 'nspname_1': 'pg_catalog'}
2025-12-28 11:26:20,029 INFO SELECT pg_catalog.pg_class.relname 
FROM pg_catalog.pg_class JOIN pg_catalog.pg_namespace ON pg_catalog.pg_namespace.oid = pg_catalog.pg_class.relnamespace 
WHERE pg_catalog.pg_class.relname = %(table_name)s AND pg_catalog.pg_class.relkind = ANY (ARRAY[%(param_1)s, %(param_2)s, %(param_3)s, %(param_4)s, %(param_5)s]) AND pg_catalog.pg_table_is_visible(pg_catalog.pg_class.oid) AND pg_catalog.pg_namespace.nspname != %(nspname_1)s
2025-12-28 11:26:20,029 INFO [cached since 0.4844s ago] {'table_name': 'headcounttarget', 'param_1': 'r', 'param_2': 'p', 'param_3': 'f', 'param_4': 'v', 'param_5': 'm', 'nspname_1': 'pg_catalog'}
2025-12-28 11:26:20,272 INFO SELECT pg_catalog.pg_class.relname 
FROM pg_catalog.pg_class JOIN pg_catalog.pg_namespace ON pg_catalog.pg_namespace.oid = pg_catalog.pg_class.relnamespace 
WHERE pg_catalog.pg_class.relname = %(table_name)s AND pg_catalog.pg_class.relkind = ANY (ARRAY[%(param_1)s, %(param_2)s, %(param_3)s, %(param_4)s, %(param_5)s]) AND pg_catalog.pg_table_is_visible(pg_catalog.pg_class.oid) AND pg_catalog.pg_namespace.nspname != %(nspname_1)s
2025-12-28 11:26:20,273 INFO [cached since 0.7283s ago] {'table_name': 'employee', 'param_1': 'r', 'param_2': 'p', 'param_3': 'f', 'param_4': 'v', 'param_5': 'm', 'nspname_1': 'pg_catalog'}
2025-12-28 11:26:20,520 INFO SELECT pg_catalog.pg_class.relname 
FROM pg_catalog.pg_class JOIN pg_catalog.pg_namespace ON pg_catalog.pg_namespace.oid = pg_catalog.pg_class.relnamespace 
WHERE pg_catalog.pg_class.relname = %(table_name)s AND pg_catalog.pg_class.relkind = ANY (ARRAY[%(param_1)s, %(param_2)s, %(param_3)s, %(param_4)s, %(param_5)s]) AND pg_catalog.pg_table_is_visible(pg_catalog.pg_class.oid) AND pg_catalog.pg_namespace.nspname != %(nspname_1)s
2025-12-28 11:26:20,521 INFO [cached since 0.9763s ago] {'table_name': 'dailyoperation', 'param_1': 'r', 'param_2': 'p', 'param_3': 'f', 'param_4': 'v', 'param_5': 'm', 'nspname_1': 'pg_catalog'}
2025-12-28 11:26:20,772 INFO SELECT pg_catalog.pg_class.relname 
FROM pg_catalog.pg_class JOIN pg_catalog.pg_namespace ON pg_catalog.pg_namespace.oid = pg_catalog.pg_class.relnamespace 
WHERE pg_catalog.pg_class.relname = %(table_name)s AND pg_catalog.pg_class.relkind = ANY (ARRAY[%(param_1)s, %(param_2)s, %(param_3)s, %(param_4)s, %(param_5)s]) AND pg_catalog.pg_table_is_visible(pg_catalog.pg_class.oid) AND pg_catalog.pg_namespace.nspname != %(nspname_1)s
2025-12-28 11:26:20,773 INFO [cached since 1.228s ago] {'table_name': 'event', 'param_1': 'r', 'param_2': 'p', 'param_3': 'f', 'param_4': 'v', 'param_5': 'm', 'nspname_1': 'pg_catalog'}
2025-12-28 11:26:21,013 INFO SELECT pg_catalog.pg_class.relname 
FROM pg_catalog.pg_class JOIN pg_catalog.pg_namespace ON pg_catalog.pg_namespace.oid = pg_catalog.pg_class.relnamespace 
WHERE pg_catalog.pg_class.relname = %(table_name)s AND pg_catalog.pg_class.relkind = ANY (ARRAY[%(param_1)s, %(param_2)s, %(param_3)s, %(param_4)s, %(param_5)s]) AND pg_catalog.pg_table_is_visible(pg_catalog.pg_class.oid) AND pg_catalog.pg_namespace.nspname != %(nspname_1)s
2025-12-28 11:26:21,014 INFO [cached since 1.469s ago] {'table_name': 'user', 'param_1': 'r', 'param_2': 'p', 'param_3': 'f', 'param_4': 'v', 'param_5': 'm', 'nspname_1': 'pg_catalog'}
2025-12-28 11:26:21,263 INFO SELECT pg_catalog.pg_class.relname 
FROM pg_catalog.pg_class JOIN pg_catalog.pg_namespace ON pg_catalog.pg_namespace.oid = pg_catalog.pg_class.relnamespace 
WHERE pg_catalog.pg_class.relname = %(table_name)s AND pg_catalog.pg_class.relkind = ANY (ARRAY[%(param_1)s, %(param_2)s, %(param_3)s, %(param_4)s, %(param_5)s]) AND pg_catalog.pg_table_is_visible(pg_catalog.pg_class.oid) AND pg_catalog.pg_namespace.nspname != %(nspname_1)s
2025-12-28 11:26:21,265 INFO [cached since 1.72s ago] {'table_name': 'sectorconfiguration', 'param_1': 'r', 'param_2': 'p', 'param_3': 'f', 'param_4': 'v', 'param_5': 'm', 'nspname_1': 'pg_catalog'}
2025-12-28 11:26:21,507 INFO SELECT pg_catalog.pg_class.relname 
FROM pg_catalog.pg_class JOIN pg_catalog.pg_namespace ON pg_catalog.pg_namespace.oid = pg_catalog.pg_class.relnamespace 
WHERE pg_catalog.pg_class.relname = %(table_name)s AND pg_catalog.pg_class.relkind = ANY (ARRAY[%(param_1)s, %(param_2)s, %(param_3)s, %(param_4)s, %(param_5)s]) AND pg_catalog.pg_table_is_visible(pg_catalog.pg_class.oid) AND pg_catalog.pg_namespace.nspname != %(nspname_1)s
2025-12-28 11:26:21,508 INFO [cached since 1.963s ago] {'table_name': 'client', 'param_1': 'r', 'param_2': 'p', 'param_3': 'f', 'param_4': 'v', 'param_5': 'm', 'nspname_1': 'pg_catalog'}
2025-12-28 11:26:21,753 INFO SELECT pg_catalog.pg_class.relname 
FROM pg_catalog.pg_class JOIN pg_catalog.pg_namespace ON pg_catalog.pg_namespace.oid = pg_catalog.pg_class.relnamespace 
WHERE pg_catalog.pg_class.relname = %(table_name)s AND pg_catalog.pg_class.relkind = ANY (ARRAY[%(param_1)s, %(param_2)s, %(param_3)s, %(param_4)s, %(param_5)s]) AND pg_catalog.pg_table_is_visible(pg_catalog.pg_class.oid) AND pg_catalog.pg_namespace.nspname != %(nspname_1)s
2025-12-28 11:26:21,755 INFO [cached since 2.211s ago] {'table_name': 'route', 'param_1': 'r', 'param_2': 'p', 'param_3': 'f', 'param_4': 'v', 'param_5': 'm', 'nspname_1': 'pg_catalog'}
2025-12-28 11:26:22,004 INFO COMMIT
2025-12-28 11:26:31,643 INFO BEGIN (implicit)
2025-12-28 11:26:31,651 INFO SELECT employee.id, employee.registration_id, employee.name, employee.admission_date, employee.cost_center, employee.role, employee.birthday, employee.photo_url, employee.status, employee.work_shift, employee.vacation_start, employee.vacation_end 
FROM employee 
WHERE employee.status != %(status_1)s
2025-12-28 11:26:31,651 INFO [generated in 0.00049s] {'status_1': 'fired'}
2025-12-28 11:26:32,313 INFO SELECT dailyoperation.id, dailyoperation.date, dailyoperation.shift, dailyoperation.tonnage, dailyoperation.attendance_log, dailyoperation.logs, dailyoperation.arrival_time, dailyoperation.exit_time, dailyoperation.report, dailyoperation.rating, dailyoperation.status, dailyoperation.created_at, dailyoperation.updated_at 
FROM dailyoperation 
WHERE dailyoperation.date = %(date_1)s AND dailyoperation.shift = %(shift_1)s
2025-12-28 11:26:32,313 INFO [generated in 0.00067s] {'date_1': '2025-12-28', 'shift_1': 'Manhã'}
2025-12-28 11:26:32,561 INFO SELECT dailyoperation.id, dailyoperation.date, dailyoperation.shift, dailyoperation.tonnage, dailyoperation.attendance_log, dailyoperation.logs, dailyoperation.arrival_time, dailyoperation.exit_time, dailyoperation.report, dailyoperation.rating, dailyoperation.status, dailyoperation.created_at, dailyoperation.updated_at 
FROM dailyoperation 
WHERE dailyoperation.shift = %(shift_1)s AND dailyoperation.date < %(date_1)s ORDER BY dailyoperation.date DESC
2025-12-28 11:26:32,561 INFO [generated in 0.00071s] {'shift_1': 'Manhã', 'date_1': '2025-12-28'}
2025-12-28 11:26:32,809 INFO SELECT headcounttarget.id, headcounttarget.shift_name, headcounttarget.target_value 
FROM headcounttarget 
WHERE headcounttarget.shift_name = %(shift_name_1)s
2025-12-28 11:26:32,810 INFO [generated in 0.00098s] {'shift_name_1': 'Manhã'}
2025-12-28 11:26:33,054 INFO SELECT sectorconfiguration.id, sectorconfiguration.shift_name, sectorconfiguration.config_json, sectorconfiguration.updated_at 
FROM sectorconfiguration 
WHERE sectorconfiguration.shift_name = %(shift_name_1)s
2025-12-28 11:26:33,054 INFO [generated in 0.00049s] {'shift_name_1': 'Manhã'}
2025-12-28 11:26:33,301 INFO SELECT route.id, route.date, route.shift, route.employee_id, route.client_id, route.start_time, route.end_time, route.tonnage, route.status, route.created_at 
FROM route 
WHERE route.date = %(date_1)s AND route.shift = %(shift_1)s
2025-12-28 11:26:33,302 INFO [generated in 0.00070s] {'date_1': '2025-12-28', 'shift_1': 'Manhã'}
2025-12-28 11:26:33,565 INFO ROLLBACK
2025-12-28 11:26:53,565 INFO BEGIN (implicit)
2025-12-28 11:26:53,566 INFO SELECT dailyoperation.id, dailyoperation.date, dailyoperation.shift, dailyoperation.tonnage, dailyoperation.attendance_log, dailyoperation.logs, dailyoperation.arrival_time, dailyoperation.exit_time, dailyoperation.report, dailyoperation.rating, dailyoperation.status, dailyoperation.created_at, dailyoperation.updated_at 
FROM dailyoperation 
WHERE dailyoperation.date = %(date_1)s AND dailyoperation.shift = %(shift_1)s
2025-12-28 11:26:53,566 INFO [cached since 21.25s ago] {'date_1': '2025-12-28', 'shift_1': 'Manhã'}
2025-12-28 11:26:54,046 INFO SELECT employee.id, employee.registration_id, employee.name, employee.admission_date, employee.cost_center, employee.role, employee.birthday, employee.photo_url, employee.status, employee.work_shift, employee.vacation_start, employee.vacation_end 
FROM employee 
WHERE employee.status != %(status_1)s
2025-12-28 11:26:54,047 INFO [cached since 22.4s ago] {'status_1': 'fired'}
2025-12-28 11:26:54,481 INFO SELECT client.id, client.name, client.created_at 
FROM client
2025-12-28 11:26:54,482 INFO [generated in 0.00059s] {}
2025-12-28 11:26:54,722 INFO SELECT route.id, route.date, route.shift, route.employee_id, route.client_id, route.start_time, route.end_time, route.tonnage, route.status, route.created_at 
FROM route 
WHERE route.date = %(date_1)s AND route.shift = %(shift_1)s ORDER BY route.start_time
2025-12-28 11:26:54,722 INFO [generated in 0.00045s] {'date_1': '2025-12-28', 'shift_1': 'Manhã'}
2025-12-28 11:26:55,059 INFO ROLLBACK
2025-12-28 11:26:59,032 INFO BEGIN (implicit)
2025-12-28 11:26:59,033 INFO SELECT employee.id, employee.registration_id, employee.name, employee.admission_date, employee.cost_center, employee.role, employee.birthday, employee.photo_url, employee.status, employee.work_shift, employee.vacation_start, employee.vacation_end 
FROM employee 
WHERE employee.status != %(status_1)s
2025-12-28 11:26:59,033 INFO [cached since 27.38s ago] {'status_1': 'fired'}
2025-12-28 11:26:59,697 INFO SELECT dailyoperation.id, dailyoperation.date, dailyoperation.shift, dailyoperation.tonnage, dailyoperation.attendance_log, dailyoperation.logs, dailyoperation.arrival_time, dailyoperation.exit_time, dailyoperation.report, dailyoperation.rating, dailyoperation.status, dailyoperation.created_at, dailyoperation.updated_at 
FROM dailyoperation 
WHERE dailyoperation.date = %(date_1)s AND dailyoperation.shift = %(shift_1)s
2025-12-28 11:26:59,698 INFO [cached since 27.39s ago] {'date_1': '2025-12-28', 'shift_1': 'Manhã'}
2025-12-28 11:26:59,950 INFO SELECT dailyoperation.id, dailyoperation.date, dailyoperation.shift, dailyoperation.tonnage, dailyoperation.attendance_log, dailyoperation.logs, dailyoperation.arrival_time, dailyoperation.exit_time, dailyoperation.report, dailyoperation.rating, dailyoperation.status, dailyoperation.created_at, dailyoperation.updated_at 
FROM dailyoperation 
WHERE dailyoperation.shift = %(shift_1)s AND dailyoperation.date < %(date_1)s ORDER BY dailyoperation.date DESC
2025-12-28 11:26:59,951 INFO [cached since 27.39s ago] {'shift_1': 'Manhã', 'date_1': '2025-12-28'}
2025-12-28 11:27:00,202 INFO SELECT headcounttarget.id, headcounttarget.shift_name, headcounttarget.target_value 
FROM headcounttarget 
WHERE headcounttarget.shift_name = %(shift_name_1)s
2025-12-28 11:27:00,203 INFO [cached since 27.39s ago] {'shift_name_1': 'Manhã'}
2025-12-28 11:27:00,449 INFO SELECT sectorconfiguration.id, sectorconfiguration.shift_name, sectorconfiguration.config_json, sectorconfiguration.updated_at 
FROM sectorconfiguration 
WHERE sectorconfiguration.shift_name = %(shift_name_1)s
2025-12-28 11:27:00,450 INFO [cached since 27.4s ago] {'shift_name_1': 'Manhã'}
2025-12-28 11:27:00,702 INFO SELECT route.id, route.date, route.shift, route.employee_id, route.client_id, route.start_time, route.end_time, route.tonnage, route.status, route.created_at 
FROM route 
WHERE route.date = %(date_1)s AND route.shift = %(shift_1)s
2025-12-28 11:27:00,702 INFO [cached since 27.4s ago] {'date_1': '2025-12-28', 'shift_1': 'Manhã'}
2025-12-28 11:27:00,947 INFO ROLLBACK
2025-12-28 11:28:24,791 INFO BEGIN (implicit)
2025-12-28 11:28:24,792 INFO SELECT employee.id, employee.registration_id, employee.name, employee.admission_date, employee.cost_center, employee.role, employee.birthday, employee.photo_url, employee.status, employee.work_shift, employee.vacation_start, employee.vacation_end 
FROM employee 
WHERE employee.status != %(status_1)s
2025-12-28 11:28:24,792 INFO [cached since 113.1s ago] {'status_1': 'fired'}
2025-12-28 11:28:25,452 INFO SELECT dailyoperation.id, dailyoperation.date, dailyoperation.shift, dailyoperation.tonnage, dailyoperation.attendance_log, dailyoperation.logs, dailyoperation.arrival_time, dailyoperation.exit_time, dailyoperation.report, dailyoperation.rating, dailyoperation.status, dailyoperation.created_at, dailyoperation.updated_at 
FROM dailyoperation 
WHERE dailyoperation.date = %(date_1)s AND dailyoperation.shift = %(shift_1)s
2025-12-28 11:28:25,453 INFO [cached since 113.1s ago] {'date_1': '2025-12-28', 'shift_1': 'Manhã'}
2025-12-28 11:28:25,695 INFO SELECT dailyoperation.id, dailyoperation.date, dailyoperation.shift, dailyoperation.tonnage, dailyoperation.attendance_log, dailyoperation.logs, dailyoperation.arrival_time, dailyoperation.exit_time, dailyoperation.report, dailyoperation.rating, dailyoperation.status, dailyoperation.created_at, dailyoperation.updated_at 
FROM dailyoperation 
WHERE dailyoperation.shift = %(shift_1)s AND dailyoperation.date < %(date_1)s ORDER BY dailyoperation.date DESC
2025-12-28 11:28:25,695 INFO [cached since 113.1s ago] {'shift_1': 'Manhã', 'date_1': '2025-12-28'}
2025-12-28 11:28:25,939 INFO SELECT headcounttarget.id, headcounttarget.shift_name, headcounttarget.target_value 
FROM headcounttarget 
WHERE headcounttarget.shift_name = %(shift_name_1)s
2025-12-28 11:28:25,940 INFO [cached since 113.1s ago] {'shift_name_1': 'Manhã'}
2025-12-28 11:28:26,187 INFO SELECT sectorconfiguration.id, sectorconfiguration.shift_name, sectorconfiguration.config_json, sectorconfiguration.updated_at 
FROM sectorconfiguration 
WHERE sectorconfiguration.shift_name = %(shift_name_1)s
2025-12-28 11:28:26,188 INFO [cached since 113.1s ago] {'shift_name_1': 'Manhã'}
2025-12-28 11:28:26,429 INFO SELECT route.id, route.date, route.shift, route.employee_id, route.client_id, route.start_time, route.end_time, route.tonnage, route.status, route.created_at 
FROM route 
WHERE route.date = %(date_1)s AND route.shift = %(shift_1)s
2025-12-28 11:28:26,430 INFO [cached since 113.1s ago] {'date_1': '2025-12-28', 'shift_1': 'Manhã'}
2025-12-28 11:28:26,682 INFO ROLLBACK
2025-12-28 11:29:08,645 INFO select pg_catalog.version()
2025-12-28 11:29:08,646 INFO [raw sql] {}
2025-12-28 11:29:09,136 INFO select current_schema()
2025-12-28 11:29:09,137 INFO [raw sql] {}
2025-12-28 11:29:09,627 INFO show standard_conforming_strings
2025-12-28 11:29:09,627 INFO [raw sql] {}
2025-12-28 11:29:10,103 INFO BEGIN (implicit)
2025-12-28 11:29:10,107 INFO SELECT pg_catalog.pg_class.relname 
FROM pg_catalog.pg_class JOIN pg_catalog.pg_namespace ON pg_catalog.pg_namespace.oid = pg_catalog.pg_class.relnamespace 
WHERE pg_catalog.pg_class.relname = %(table_name)s AND pg_catalog.pg_class.relkind = ANY (ARRAY[%(param_1)s, %(param_2)s, %(param_3)s, %(param_4)s, %(param_5)s]) AND pg_catalog.pg_table_is_visible(pg_catalog.pg_class.oid) AND pg_catalog.pg_namespace.nspname != %(nspname_1)s
2025-12-28 11:29:10,107 INFO [generated in 0.00041s] {'table_name': 'shift', 'param_1': 'r', 'param_2': 'p', 'param_3': 'f', 'param_4': 'v', 'param_5': 'm', 'nspname_1': 'pg_catalog'}
2025-12-28 11:29:10,593 INFO SELECT pg_catalog.pg_class.relname 
FROM pg_catalog.pg_class JOIN pg_catalog.pg_namespace ON pg_catalog.pg_namespace.oid = pg_catalog.pg_class.relnamespace 
WHERE pg_catalog.pg_class.relname = %(table_name)s AND pg_catalog.pg_class.relkind = ANY (ARRAY[%(param_1)s, %(param_2)s, %(param_3)s, %(param_4)s, %(param_5)s]) AND pg_catalog.pg_table_is_visible(pg_catalog.pg_class.oid) AND pg_catalog.pg_namespace.nspname != %(nspname_1)s
2025-12-28 11:29:10,593 INFO [cached since 0.4866s ago] {'table_name': 'headcounttarget', 'param_1': 'r', 'param_2': 'p', 'param_3': 'f', 'param_4': 'v', 'param_5': 'm', 'nspname_1': 'pg_catalog'}
2025-12-28 11:29:10,833 INFO SELECT pg_catalog.pg_class.relname 
FROM pg_catalog.pg_class JOIN pg_catalog.pg_namespace ON pg_catalog.pg_namespace.oid = pg_catalog.pg_class.relnamespace 
WHERE pg_catalog.pg_class.relname = %(table_name)s AND pg_catalog.pg_class.relkind = ANY (ARRAY[%(param_1)s, %(param_2)s, %(param_3)s, %(param_4)s, %(param_5)s]) AND pg_catalog.pg_table_is_visible(pg_catalog.pg_class.oid) AND pg_catalog.pg_namespace.nspname != %(nspname_1)s
2025-12-28 11:29:10,834 INFO [cached since 0.7273s ago] {'table_name': 'employee', 'param_1': 'r', 'param_2': 'p', 'param_3': 'f', 'param_4': 'v', 'param_5': 'm', 'nspname_1': 'pg_catalog'}
2025-12-28 11:29:11,074 INFO SELECT pg_catalog.pg_class.relname 
FROM pg_catalog.pg_class JOIN pg_catalog.pg_namespace ON pg_catalog.pg_namespace.oid = pg_catalog.pg_class.relnamespace 
WHERE pg_catalog.pg_class.relname = %(table_name)s AND pg_catalog.pg_class.relkind = ANY (ARRAY[%(param_1)s, %(param_2)s, %(param_3)s, %(param_4)s, %(param_5)s]) AND pg_catalog.pg_table_is_visible(pg_catalog.pg_class.oid) AND pg_catalog.pg_namespace.nspname != %(nspname_1)s
2025-12-28 11:29:11,075 INFO [cached since 0.9687s ago] {'table_name': 'dailyoperation', 'param_1': 'r', 'param_2': 'p', 'param_3': 'f', 'param_4': 'v', 'param_5': 'm', 'nspname_1': 'pg_catalog'}
2025-12-28 11:29:11,316 INFO SELECT pg_catalog.pg_class.relname 
FROM pg_catalog.pg_class JOIN pg_catalog.pg_namespace ON pg_catalog.pg_namespace.oid = pg_catalog.pg_class.relnamespace 
WHERE pg_catalog.pg_class.relname = %(table_name)s AND pg_catalog.pg_class.relkind = ANY (ARRAY[%(param_1)s, %(param_2)s, %(param_3)s, %(param_4)s, %(param_5)s]) AND pg_catalog.pg_table_is_visible(pg_catalog.pg_class.oid) AND pg_catalog.pg_namespace.nspname != %(nspname_1)s
2025-12-28 11:29:11,316 INFO [cached since 1.21s ago] {'table_name': 'event', 'param_1': 'r', 'param_2': 'p', 'param_3': 'f', 'param_4': 'v', 'param_5': 'm', 'nspname_1': 'pg_catalog'}
2025-12-28 11:29:11,555 INFO SELECT pg_catalog.pg_class.relname 
FROM pg_catalog.pg_class JOIN pg_catalog.pg_namespace ON pg_catalog.pg_namespace.oid = pg_catalog.pg_class.relnamespace 
WHERE pg_catalog.pg_class.relname = %(table_name)s AND pg_catalog.pg_class.relkind = ANY (ARRAY[%(param_1)s, %(param_2)s, %(param_3)s, %(param_4)s, %(param_5)s]) AND pg_catalog.pg_table_is_visible(pg_catalog.pg_class.oid) AND pg_catalog.pg_namespace.nspname != %(nspname_1)s
2025-12-28 11:29:11,555 INFO [cached since 1.449s ago] {'table_name': 'user', 'param_1': 'r', 'param_2': 'p', 'param_3': 'f', 'param_4': 'v', 'param_5': 'm', 'nspname_1': 'pg_catalog'}
2025-12-28 11:29:11,797 INFO SELECT pg_catalog.pg_class.relname 
FROM pg_catalog.pg_class JOIN pg_catalog.pg_namespace ON pg_catalog.pg_namespace.oid = pg_catalog.pg_class.relnamespace 
WHERE pg_catalog.pg_class.relname = %(table_name)s AND pg_catalog.pg_class.relkind = ANY (ARRAY[%(param_1)s, %(param_2)s, %(param_3)s, %(param_4)s, %(param_5)s]) AND pg_catalog.pg_table_is_visible(pg_catalog.pg_class.oid) AND pg_catalog.pg_namespace.nspname != %(nspname_1)s
2025-12-28 11:29:11,798 INFO [cached since 1.691s ago] {'table_name': 'sectorconfiguration', 'param_1': 'r', 'param_2': 'p', 'param_3': 'f', 'param_4': 'v', 'param_5': 'm', 'nspname_1': 'pg_catalog'}
2025-12-28 11:29:12,038 INFO SELECT pg_catalog.pg_class.relname 
FROM pg_catalog.pg_class JOIN pg_catalog.pg_namespace ON pg_catalog.pg_namespace.oid = pg_catalog.pg_class.relnamespace 
WHERE pg_catalog.pg_class.relname = %(table_name)s AND pg_catalog.pg_class.relkind = ANY (ARRAY[%(param_1)s, %(param_2)s, %(param_3)s, %(param_4)s, %(param_5)s]) AND pg_catalog.pg_table_is_visible(pg_catalog.pg_class.oid) AND pg_catalog.pg_namespace.nspname != %(nspname_1)s
2025-12-28 11:29:12,038 INFO [cached since 1.932s ago] {'table_name': 'client', 'param_1': 'r', 'param_2': 'p', 'param_3': 'f', 'param_4': 'v', 'param_5': 'm', 'nspname_1': 'pg_catalog'}
2025-12-28 11:29:12,279 INFO SELECT pg_catalog.pg_class.relname 
FROM pg_catalog.pg_class JOIN pg_catalog.pg_namespace ON pg_catalog.pg_namespace.oid = pg_catalog.pg_class.relnamespace 
WHERE pg_catalog.pg_class.relname = %(table_name)s AND pg_catalog.pg_class.relkind = ANY (ARRAY[%(param_1)s, %(param_2)s, %(param_3)s, %(param_4)s, %(param_5)s]) AND pg_catalog.pg_table_is_visible(pg_catalog.pg_class.oid) AND pg_catalog.pg_namespace.nspname != %(nspname_1)s
2025-12-28 11:29:12,279 INFO [cached since 2.173s ago] {'table_name': 'route', 'param_1': 'r', 'param_2': 'p', 'param_3': 'f', 'param_4': 'v', 'param_5': 'm', 'nspname_1': 'pg_catalog'}
2025-12-28 11:29:12,566 INFO COMMIT
2025-12-28 11:29:17,629 INFO BEGIN (implicit)
2025-12-28 11:29:17,640 INFO SELECT employee.id, employee.registration_id, employee.name, employee.admission_date, employee.cost_center, employee.role, employee.birthday, employee.photo_url, employee.status, employee.work_shift, employee.vacation_start, employee.vacation_end 
FROM employee 
WHERE employee.status != %(status_1)s
2025-12-28 11:29:17,641 INFO [generated in 0.00066s] {'status_1': 'fired'}
2025-12-28 11:29:18,322 INFO SELECT dailyoperation.id, dailyoperation.date, dailyoperation.shift, dailyoperation.tonnage, dailyoperation.attendance_log, dailyoperation.logs, dailyoperation.arrival_time, dailyoperation.exit_time, dailyoperation.report, dailyoperation.rating, dailyoperation.status, dailyoperation.created_at, dailyoperation.updated_at 
FROM dailyoperation 
WHERE dailyoperation.date = %(date_1)s AND dailyoperation.shift = %(shift_1)s
2025-12-28 11:29:18,322 INFO [generated in 0.00034s] {'date_1': '2025-12-28', 'shift_1': 'Manhã'}
2025-12-28 11:29:18,563 INFO SELECT dailyoperation.id, dailyoperation.date, dailyoperation.shift, dailyoperation.tonnage, dailyoperation.attendance_log, dailyoperation.logs, dailyoperation.arrival_time, dailyoperation.exit_time, dailyoperation.report, dailyoperation.rating, dailyoperation.status, dailyoperation.created_at, dailyoperation.updated_at 
FROM dailyoperation 
WHERE dailyoperation.shift = %(shift_1)s AND dailyoperation.date < %(date_1)s ORDER BY dailyoperation.date DESC
2025-12-28 11:29:18,563 INFO [generated in 0.00071s] {'shift_1': 'Manhã', 'date_1': '2025-12-28'}
2025-12-28 11:29:18,828 INFO SELECT headcounttarget.id, headcounttarget.shift_name, headcounttarget.target_value 
FROM headcounttarget 
WHERE headcounttarget.shift_name = %(shift_name_1)s
2025-12-28 11:29:18,828 INFO [generated in 0.00035s] {'shift_name_1': 'Manhã'}
2025-12-28 11:29:19,071 INFO SELECT sectorconfiguration.id, sectorconfiguration.shift_name, sectorconfiguration.config_json, sectorconfiguration.updated_at 
FROM sectorconfiguration 
WHERE sectorconfiguration.shift_name = %(shift_name_1)s
2025-12-28 11:29:19,072 INFO [generated in 0.00055s] {'shift_name_1': 'Manhã'}
2025-12-28 11:29:19,371 INFO SELECT route.id, route.date, route.shift, route.employee_id, route.client_id, route.start_time, route.end_time, route.tonnage, route.status, route.created_at 
FROM route 
WHERE route.date = %(date_1)s AND route.shift = %(shift_1)s
2025-12-28 11:29:19,372 INFO [generated in 0.00052s] {'date_1': '2025-12-28', 'shift_1': 'Manhã'}
2025-12-28 11:29:19,699 INFO ROLLBACK
2025-12-28 11:29:28,705 INFO BEGIN (implicit)
2025-12-28 11:29:28,706 INFO SELECT employee.id, employee.registration_id, employee.name, employee.admission_date, employee.cost_center, employee.role, employee.birthday, employee.photo_url, employee.status, employee.work_shift, employee.vacation_start, employee.vacation_end 
FROM employee 
WHERE employee.status != %(status_1)s
2025-12-28 11:29:28,706 INFO [cached since 11.07s ago] {'status_1': 'fired'}
2025-12-28 11:29:29,371 INFO SELECT dailyoperation.id, dailyoperation.date, dailyoperation.shift, dailyoperation.tonnage, dailyoperation.attendance_log, dailyoperation.logs, dailyoperation.arrival_time, dailyoperation.exit_time, dailyoperation.report, dailyoperation.rating, dailyoperation.status, dailyoperation.created_at, dailyoperation.updated_at 
FROM dailyoperation 
WHERE dailyoperation.date = %(date_1)s AND dailyoperation.shift = %(shift_1)s
2025-12-28 11:29:29,371 INFO [cached since 11.05s ago] {'date_1': '2025-12-28', 'shift_1': 'Manhã'}
2025-12-28 11:29:29,634 INFO SELECT dailyoperation.id, dailyoperation.date, dailyoperation.shift, dailyoperation.tonnage, dailyoperation.attendance_log, dailyoperation.logs, dailyoperation.arrival_time, dailyoperation.exit_time, dailyoperation.report, dailyoperation.rating, dailyoperation.status, dailyoperation.created_at, dailyoperation.updated_at 
FROM dailyoperation 
WHERE dailyoperation.shift = %(shift_1)s AND dailyoperation.date < %(date_1)s ORDER BY dailyoperation.date DESC
2025-12-28 11:29:29,634 INFO [cached since 11.07s ago] {'shift_1': 'Manhã', 'date_1': '2025-12-28'}
2025-12-28 11:29:29,878 INFO SELECT headcounttarget.id, headcounttarget.shift_name, headcounttarget.target_value 
FROM headcounttarget 
WHERE headcounttarget.shift_name = %(shift_name_1)s
2025-12-28 11:29:29,879 INFO [cached since 11.05s ago] {'shift_name_1': 'Manhã'}
2025-12-28 11:29:30,118 INFO SELECT sectorconfiguration.id, sectorconfiguration.shift_name, sectorconfiguration.config_json, sectorconfiguration.updated_at 
FROM sectorconfiguration 
WHERE sectorconfiguration.shift_name = %(shift_name_1)s
2025-12-28 11:29:30,119 INFO [cached since 11.05s ago] {'shift_name_1': 'Manhã'}
2025-12-28 11:29:30,366 INFO SELECT route.id, route.date, route.shift, route.employee_id, route.client_id, route.start_time, route.end_time, route.tonnage, route.status, route.created_at 
FROM route 
WHERE route.date = %(date_1)s AND route.shift = %(shift_1)s
2025-12-28 11:29:30,366 INFO [cached since 10.99s ago] {'date_1': '2025-12-28', 'shift_1': 'Manhã'}
2025-12-28 11:29:30,613 INFO ROLLBACK
2025-12-28 11:30:08,474 INFO BEGIN (implicit)
2025-12-28 11:30:08,474 INFO SELECT employee.id, employee.registration_id, employee.name, employee.admission_date, employee.cost_center, employee.role, employee.birthday, employee.photo_url, employee.status, employee.work_shift, employee.vacation_start, employee.vacation_end 
FROM employee 
WHERE employee.status != %(status_1)s
2025-12-28 11:30:08,475 INFO [cached since 50.83s ago] {'status_1': 'fired'}
2025-12-28 11:30:09,148 INFO SELECT dailyoperation.id, dailyoperation.date, dailyoperation.shift, dailyoperation.tonnage, dailyoperation.attendance_log, dailyoperation.logs, dailyoperation.arrival_time, dailyoperation.exit_time, dailyoperation.report, dailyoperation.rating, dailyoperation.status, dailyoperation.created_at, dailyoperation.updated_at 
FROM dailyoperation 
WHERE dailyoperation.date = %(date_1)s AND dailyoperation.shift = %(shift_1)s
2025-12-28 11:30:09,148 INFO [cached since 50.83s ago] {'date_1': '2025-12-28', 'shift_1': 'Manhã'}
2025-12-28 11:30:09,392 INFO SELECT dailyoperation.id, dailyoperation.date, dailyoperation.shift, dailyoperation.tonnage, dailyoperation.attendance_log, dailyoperation.logs, dailyoperation.arrival_time, dailyoperation.exit_time, dailyoperation.report, dailyoperation.rating, dailyoperation.status, dailyoperation.created_at, dailyoperation.updated_at 
FROM dailyoperation 
WHERE dailyoperation.shift = %(shift_1)s AND dailyoperation.date < %(date_1)s ORDER BY dailyoperation.date DESC
2025-12-28 11:30:09,393 INFO [cached since 50.83s ago] {'shift_1': 'Manhã', 'date_1': '2025-12-28'}
2025-12-28 11:30:09,636 INFO SELECT headcounttarget.id, headcounttarget.shift_name, headcounttarget.target_value 
FROM headcounttarget 
WHERE headcounttarget.shift_name = %(shift_name_1)s
2025-12-28 11:30:09,636 INFO [cached since 50.81s ago] {'shift_name_1': 'Manhã'}
2025-12-28 11:30:09,878 INFO SELECT sectorconfiguration.id, sectorconfiguration.shift_name, sectorconfiguration.config_json, sectorconfiguration.updated_at 
FROM sectorconfiguration 
WHERE sectorconfiguration.shift_name = %(shift_name_1)s
2025-12-28 11:30:09,878 INFO [cached since 50.81s ago] {'shift_name_1': 'Manhã'}
2025-12-28 11:30:10,122 INFO SELECT route.id, route.date, route.shift, route.employee_id, route.client_id, route.start_time, route.end_time, route.tonnage, route.status, route.created_at 
FROM route 
WHERE route.date = %(date_1)s AND route.shift = %(shift_1)s
2025-12-28 11:30:10,123 INFO [cached since 50.75s ago] {'date_1': '2025-12-28', 'shift_1': 'Manhã'}
2025-12-28 11:30:10,364 INFO ROLLBACK
2025-12-28 11:40:13,282 INFO select pg_catalog.version()
2025-12-28 11:40:13,282 INFO [raw sql] {}
2025-12-28 11:40:13,763 INFO select current_schema()
2025-12-28 11:40:13,764 INFO [raw sql] {}
2025-12-28 11:40:14,239 INFO show standard_conforming_strings
2025-12-28 11:40:14,240 INFO [raw sql] {}
2025-12-28 11:40:14,736 INFO BEGIN (implicit)
2025-12-28 11:40:14,741 INFO SELECT pg_catalog.pg_class.relname 
FROM pg_catalog.pg_class JOIN pg_catalog.pg_namespace ON pg_catalog.pg_namespace.oid = pg_catalog.pg_class.relnamespace 
WHERE pg_catalog.pg_class.relname = %(table_name)s AND pg_catalog.pg_class.relkind = ANY (ARRAY[%(param_1)s, %(param_2)s, %(param_3)s, %(param_4)s, %(param_5)s]) AND pg_catalog.pg_table_is_visible(pg_catalog.pg_class.oid) AND pg_catalog.pg_namespace.nspname != %(nspname_1)s
2025-12-28 11:40:14,742 INFO [generated in 0.00054s] {'table_name': 'shift', 'param_1': 'r', 'param_2': 'p', 'param_3': 'f', 'param_4': 'v', 'param_5': 'm', 'nspname_1': 'pg_catalog'}
2025-12-28 11:40:15,228 INFO SELECT pg_catalog.pg_class.relname 
FROM pg_catalog.pg_class JOIN pg_catalog.pg_namespace ON pg_catalog.pg_namespace.oid = pg_catalog.pg_class.relnamespace 
WHERE pg_catalog.pg_class.relname = %(table_name)s AND pg_catalog.pg_class.relkind = ANY (ARRAY[%(param_1)s, %(param_2)s, %(param_3)s, %(param_4)s, %(param_5)s]) AND pg_catalog.pg_table_is_visible(pg_catalog.pg_class.oid) AND pg_catalog.pg_namespace.nspname != %(nspname_1)s
2025-12-28 11:40:15,229 INFO [cached since 0.4873s ago] {'table_name': 'headcounttarget', 'param_1': 'r', 'param_2': 'p', 'param_3': 'f', 'param_4': 'v', 'param_5': 'm', 'nspname_1': 'pg_catalog'}
2025-12-28 11:40:15,469 INFO SELECT pg_catalog.pg_class.relname 
FROM pg_catalog.pg_class JOIN pg_catalog.pg_namespace ON pg_catalog.pg_namespace.oid = pg_catalog.pg_class.relnamespace 
WHERE pg_catalog.pg_class.relname = %(table_name)s AND pg_catalog.pg_class.relkind = ANY (ARRAY[%(param_1)s, %(param_2)s, %(param_3)s, %(param_4)s, %(param_5)s]) AND pg_catalog.pg_table_is_visible(pg_catalog.pg_class.oid) AND pg_catalog.pg_namespace.nspname != %(nspname_1)s
2025-12-28 11:40:15,470 INFO [cached since 0.7287s ago] {'table_name': 'employee', 'param_1': 'r', 'param_2': 'p', 'param_3': 'f', 'param_4': 'v', 'param_5': 'm', 'nspname_1': 'pg_catalog'}
2025-12-28 11:40:15,711 INFO SELECT pg_catalog.pg_class.relname 
FROM pg_catalog.pg_class JOIN pg_catalog.pg_namespace ON pg_catalog.pg_namespace.oid = pg_catalog.pg_class.relnamespace 
WHERE pg_catalog.pg_class.relname = %(table_name)s AND pg_catalog.pg_class.relkind = ANY (ARRAY[%(param_1)s, %(param_2)s, %(param_3)s, %(param_4)s, %(param_5)s]) AND pg_catalog.pg_table_is_visible(pg_catalog.pg_class.oid) AND pg_catalog.pg_namespace.nspname != %(nspname_1)s
2025-12-28 11:40:15,712 INFO [cached since 0.9707s ago] {'table_name': 'dailyoperation', 'param_1': 'r', 'param_2': 'p', 'param_3': 'f', 'param_4': 'v', 'param_5': 'm', 'nspname_1': 'pg_catalog'}
2025-12-28 11:40:15,954 INFO SELECT pg_catalog.pg_class.relname 
FROM pg_catalog.pg_class JOIN pg_catalog.pg_namespace ON pg_catalog.pg_namespace.oid = pg_catalog.pg_class.relnamespace 
WHERE pg_catalog.pg_class.relname = %(table_name)s AND pg_catalog.pg_class.relkind = ANY (ARRAY[%(param_1)s, %(param_2)s, %(param_3)s, %(param_4)s, %(param_5)s]) AND pg_catalog.pg_table_is_visible(pg_catalog.pg_class.oid) AND pg_catalog.pg_namespace.nspname != %(nspname_1)s
2025-12-28 11:40:15,955 INFO [cached since 1.213s ago] {'table_name': 'event', 'param_1': 'r', 'param_2': 'p', 'param_3': 'f', 'param_4': 'v', 'param_5': 'm', 'nspname_1': 'pg_catalog'}
2025-12-28 11:40:16,200 INFO SELECT pg_catalog.pg_class.relname 
FROM pg_catalog.pg_class JOIN pg_catalog.pg_namespace ON pg_catalog.pg_namespace.oid = pg_catalog.pg_class.relnamespace 
WHERE pg_catalog.pg_class.relname = %(table_name)s AND pg_catalog.pg_class.relkind = ANY (ARRAY[%(param_1)s, %(param_2)s, %(param_3)s, %(param_4)s, %(param_5)s]) AND pg_catalog.pg_table_is_visible(pg_catalog.pg_class.oid) AND pg_catalog.pg_namespace.nspname != %(nspname_1)s
2025-12-28 11:40:16,200 INFO [cached since 1.459s ago] {'table_name': 'user', 'param_1': 'r', 'param_2': 'p', 'param_3': 'f', 'param_4': 'v', 'param_5': 'm', 'nspname_1': 'pg_catalog'}
2025-12-28 11:40:16,438 INFO SELECT pg_catalog.pg_class.relname 
FROM pg_catalog.pg_class JOIN pg_catalog.pg_namespace ON pg_catalog.pg_namespace.oid = pg_catalog.pg_class.relnamespace 
WHERE pg_catalog.pg_class.relname = %(table_name)s AND pg_catalog.pg_class.relkind = ANY (ARRAY[%(param_1)s, %(param_2)s, %(param_3)s, %(param_4)s, %(param_5)s]) AND pg_catalog.pg_table_is_visible(pg_catalog.pg_class.oid) AND pg_catalog.pg_namespace.nspname != %(nspname_1)s
2025-12-28 11:40:16,439 INFO [cached since 1.698s ago] {'table_name': 'sectorconfiguration', 'param_1': 'r', 'param_2': 'p', 'param_3': 'f', 'param_4': 'v', 'param_5': 'm', 'nspname_1': 'pg_catalog'}
2025-12-28 11:40:16,678 INFO SELECT pg_catalog.pg_class.relname 
FROM pg_catalog.pg_class JOIN pg_catalog.pg_namespace ON pg_catalog.pg_namespace.oid = pg_catalog.pg_class.relnamespace 
WHERE pg_catalog.pg_class.relname = %(table_name)s AND pg_catalog.pg_class.relkind = ANY (ARRAY[%(param_1)s, %(param_2)s, %(param_3)s, %(param_4)s, %(param_5)s]) AND pg_catalog.pg_table_is_visible(pg_catalog.pg_class.oid) AND pg_catalog.pg_namespace.nspname != %(nspname_1)s
2025-12-28 11:40:16,678 INFO [cached since 1.937s ago] {'table_name': 'client', 'param_1': 'r', 'param_2': 'p', 'param_3': 'f', 'param_4': 'v', 'param_5': 'm', 'nspname_1': 'pg_catalog'}
2025-12-28 11:40:16,920 INFO SELECT pg_catalog.pg_class.relname 
FROM pg_catalog.pg_class JOIN pg_catalog.pg_namespace ON pg_catalog.pg_namespace.oid = pg_catalog.pg_class.relnamespace 
WHERE pg_catalog.pg_class.relname = %(table_name)s AND pg_catalog.pg_class.relkind = ANY (ARRAY[%(param_1)s, %(param_2)s, %(param_3)s, %(param_4)s, %(param_5)s]) AND pg_catalog.pg_table_is_visible(pg_catalog.pg_class.oid) AND pg_catalog.pg_namespace.nspname != %(nspname_1)s
2025-12-28 11:40:16,920 INFO [cached since 2.179s ago] {'table_name': 'route', 'param_1': 'r', 'param_2': 'p', 'param_3': 'f', 'param_4': 'v', 'param_5': 'm', 'nspname_1': 'pg_catalog'}
2025-12-28 11:40:17,166 INFO COMMIT
2025-12-28 11:40:28,920 INFO BEGIN (implicit)
2025-12-28 11:40:28,921 INFO SELECT employee.id, employee.registration_id, employee.name, employee.admission_date, employee.cost_center, employee.role, employee.birthday, employee.photo_url, employee.status, employee.work_shift, employee.vacation_start, employee.vacation_end 
FROM employee 
WHERE employee.status != %(status_1)s
2025-12-28 11:40:28,921 INFO [cached since 671.3s ago] {'status_1': 'fired'}
2025-12-28 11:40:29,576 INFO SELECT dailyoperation.id, dailyoperation.date, dailyoperation.shift, dailyoperation.tonnage, dailyoperation.attendance_log, dailyoperation.logs, dailyoperation.arrival_time, dailyoperation.exit_time, dailyoperation.report, dailyoperation.rating, dailyoperation.status, dailyoperation.created_at, dailyoperation.updated_at 
FROM dailyoperation 
WHERE dailyoperation.date = %(date_1)s AND dailyoperation.shift = %(shift_1)s
2025-12-28 11:40:29,577 INFO [cached since 671.3s ago] {'date_1': '2025-12-28', 'shift_1': 'Manhã'}
2025-12-28 11:40:29,822 INFO SELECT dailyoperation.id, dailyoperation.date, dailyoperation.shift, dailyoperation.tonnage, dailyoperation.attendance_log, dailyoperation.logs, dailyoperation.arrival_time, dailyoperation.exit_time, dailyoperation.report, dailyoperation.rating, dailyoperation.status, dailyoperation.created_at, dailyoperation.updated_at 
FROM dailyoperation 
WHERE dailyoperation.shift = %(shift_1)s AND dailyoperation.date < %(date_1)s ORDER BY dailyoperation.date DESC
2025-12-28 11:40:29,822 INFO [cached since 671.3s ago] {'shift_1': 'Manhã', 'date_1': '2025-12-28'}
2025-12-28 11:40:30,076 INFO SELECT headcounttarget.id, headcounttarget.shift_name, headcounttarget.target_value 
FROM headcounttarget 
WHERE headcounttarget.shift_name = %(shift_name_1)s
2025-12-28 11:40:30,077 INFO [cached since 671.2s ago] {'shift_name_1': 'Manhã'}
2025-12-28 11:40:30,314 INFO SELECT sectorconfiguration.id, sectorconfiguration.shift_name, sectorconfiguration.config_json, sectorconfiguration.updated_at 
FROM sectorconfiguration 
WHERE sectorconfiguration.shift_name = %(shift_name_1)s
2025-12-28 11:40:30,315 INFO [cached since 671.2s ago] {'shift_name_1': 'Manhã'}
2025-12-28 11:40:30,557 INFO SELECT route.id, route.date, route.shift, route.employee_id, route.client_id, route.start_time, route.end_time, route.tonnage, route.status, route.created_at 
FROM route 
WHERE route.date = %(date_1)s AND route.shift = %(shift_1)s
2025-12-28 11:40:30,557 INFO [cached since 671.2s ago] {'date_1': '2025-12-28', 'shift_1': 'Manhã'}
2025-12-28 11:40:30,799 INFO ROLLBACK
2025-12-28 11:40:41,536 INFO BEGIN (implicit)
2025-12-28 11:40:41,537 INFO SELECT employee.id, employee.registration_id, employee.name, employee.admission_date, employee.cost_center, employee.role, employee.birthday, employee.photo_url, employee.status, employee.work_shift, employee.vacation_start, employee.vacation_end 
FROM employee 
WHERE employee.status != %(status_1)s
2025-12-28 11:40:41,539 INFO [cached since 683.9s ago] {'status_1': 'fired'}
2025-12-28 11:40:42,219 INFO SELECT dailyoperation.id, dailyoperation.date, dailyoperation.shift, dailyoperation.tonnage, dailyoperation.attendance_log, dailyoperation.logs, dailyoperation.arrival_time, dailyoperation.exit_time, dailyoperation.report, dailyoperation.rating, dailyoperation.status, dailyoperation.created_at, dailyoperation.updated_at 
FROM dailyoperation 
WHERE dailyoperation.date = %(date_1)s AND dailyoperation.shift = %(shift_1)s
2025-12-28 11:40:42,219 INFO [cached since 683.9s ago] {'date_1': '2025-12-28', 'shift_1': 'Manhã'}
2025-12-28 11:40:42,464 INFO SELECT dailyoperation.id, dailyoperation.date, dailyoperation.shift, dailyoperation.tonnage, dailyoperation.attendance_log, dailyoperation.logs, dailyoperation.arrival_time, dailyoperation.exit_time, dailyoperation.report, dailyoperation.rating, dailyoperation.status, dailyoperation.created_at, dailyoperation.updated_at 
FROM dailyoperation 
WHERE dailyoperation.shift = %(shift_1)s AND dailyoperation.date < %(date_1)s ORDER BY dailyoperation.date DESC
2025-12-28 11:40:42,465 INFO [cached since 683.9s ago] {'shift_1': 'Manhã', 'date_1': '2025-12-28'}
2025-12-28 11:40:42,712 INFO SELECT headcounttarget.id, headcounttarget.shift_name, headcounttarget.target_value 
FROM headcounttarget 
WHERE headcounttarget.shift_name = %(shift_name_1)s
2025-12-28 11:40:42,713 INFO [cached since 683.9s ago] {'shift_name_1': 'Manhã'}
2025-12-28 11:40:42,956 INFO SELECT sectorconfiguration.id, sectorconfiguration.shift_name, sectorconfiguration.config_json, sectorconfiguration.updated_at 
FROM sectorconfiguration 
WHERE sectorconfiguration.shift_name = %(shift_name_1)s
2025-12-28 11:40:42,957 INFO [cached since 683.9s ago] {'shift_name_1': 'Manhã'}
2025-12-28 11:40:43,213 INFO SELECT route.id, route.date, route.shift, route.employee_id, route.client_id, route.start_time, route.end_time, route.tonnage, route.status, route.created_at 
FROM route 
WHERE route.date = %(date_1)s AND route.shift = %(shift_1)s
2025-12-28 11:40:43,213 INFO [cached since 683.8s ago] {'date_1': '2025-12-28', 'shift_1': 'Manhã'}
2025-12-28 11:40:43,489 INFO ROLLBACK
2025-12-28 11:55:00,940 INFO BEGIN (implicit)
2025-12-28 11:55:00,940 INFO SELECT employee.id, employee.registration_id, employee.name, employee.admission_date, employee.cost_center, employee.role, employee.birthday, employee.photo_url, employee.status, employee.work_shift, employee.vacation_start, employee.vacation_end 
FROM employee 
WHERE employee.status != %(status_1)s
2025-12-28 11:55:00,941 INFO [cached since 1543s ago] {'status_1': 'fired'}
2025-12-28 11:55:01,605 INFO SELECT dailyoperation.id, dailyoperation.date, dailyoperation.shift, dailyoperation.tonnage, dailyoperation.attendance_log, dailyoperation.logs, dailyoperation.arrival_time, dailyoperation.exit_time, dailyoperation.report, dailyoperation.rating, dailyoperation.status, dailyoperation.created_at, dailyoperation.updated_at 
FROM dailyoperation 
WHERE dailyoperation.date = %(date_1)s AND dailyoperation.shift = %(shift_1)s
2025-12-28 11:55:01,606 INFO [cached since 1543s ago] {'date_1': '2025-12-28', 'shift_1': 'Manhã'}
2025-12-28 11:55:01,845 INFO SELECT dailyoperation.id, dailyoperation.date, dailyoperation.shift, dailyoperation.tonnage, dailyoperation.attendance_log, dailyoperation.logs, dailyoperation.arrival_time, dailyoperation.exit_time, dailyoperation.report, dailyoperation.rating, dailyoperation.status, dailyoperation.created_at, dailyoperation.updated_at 
FROM dailyoperation 
WHERE dailyoperation.shift = %(shift_1)s AND dailyoperation.date < %(date_1)s ORDER BY dailyoperation.date DESC
2025-12-28 11:55:01,845 INFO [cached since 1543s ago] {'shift_1': 'Manhã', 'date_1': '2025-12-28'}
2025-12-28 11:55:02,115 INFO SELECT headcounttarget.id, headcounttarget.shift_name, headcounttarget.target_value 
FROM headcounttarget 
WHERE headcounttarget.shift_name = %(shift_name_1)s
2025-12-28 11:55:02,115 INFO [cached since 1543s ago] {'shift_name_1': 'Manhã'}
2025-12-28 11:55:02,362 INFO SELECT sectorconfiguration.id, sectorconfiguration.shift_name, sectorconfiguration.config_json, sectorconfiguration.updated_at 
FROM sectorconfiguration 
WHERE sectorconfiguration.shift_name = %(shift_name_1)s
2025-12-28 11:55:02,363 INFO [cached since 1543s ago] {'shift_name_1': 'Manhã'}
2025-12-28 11:55:02,605 INFO SELECT route.id, route.date, route.shift, route.employee_id, route.client_id, route.start_time, route.end_time, route.tonnage, route.status, route.created_at 
FROM route 
WHERE route.date = %(date_1)s AND route.shift = %(shift_1)s
2025-12-28 11:55:02,605 INFO [cached since 1543s ago] {'date_1': '2025-12-28', 'shift_1': 'Manhã'}
2025-12-28 11:55:02,849 INFO ROLLBACK
2025-12-28 11:55:18,721 INFO BEGIN (implicit)
2025-12-28 11:55:18,722 INFO SELECT employee.id, employee.registration_id, employee.name, employee.admission_date, employee.cost_center, employee.role, employee.birthday, employee.photo_url, employee.status, employee.work_shift, employee.vacation_start, employee.vacation_end 
FROM employee 
WHERE employee.status != %(status_1)s
2025-12-28 11:55:18,722 INFO [cached since 1561s ago] {'status_1': 'fired'}
2025-12-28 11:55:19,419 INFO SELECT dailyoperation.id, dailyoperation.date, dailyoperation.shift, dailyoperation.tonnage, dailyoperation.attendance_log, dailyoperation.logs, dailyoperation.arrival_time, dailyoperation.exit_time, dailyoperation.report, dailyoperation.rating, dailyoperation.status, dailyoperation.created_at, dailyoperation.updated_at 
FROM dailyoperation 
WHERE dailyoperation.date = %(date_1)s AND dailyoperation.shift = %(shift_1)s
2025-12-28 11:55:19,420 INFO [cached since 1561s ago] {'date_1': '2025-12-28', 'shift_1': 'Manhã'}
2025-12-28 11:55:19,659 INFO SELECT dailyoperation.id, dailyoperation.date, dailyoperation.shift, dailyoperation.tonnage, dailyoperation.attendance_log, dailyoperation.logs, dailyoperation.arrival_time, dailyoperation.exit_time, dailyoperation.report, dailyoperation.rating, dailyoperation.status, dailyoperation.created_at, dailyoperation.updated_at 
FROM dailyoperation 
WHERE dailyoperation.shift = %(shift_1)s AND dailyoperation.date < %(date_1)s ORDER BY dailyoperation.date DESC
2025-12-28 11:55:19,660 INFO [cached since 1561s ago] {'shift_1': 'Manhã', 'date_1': '2025-12-28'}
2025-12-28 11:55:19,902 INFO SELECT headcounttarget.id, headcounttarget.shift_name, headcounttarget.target_value 
FROM headcounttarget 
WHERE headcounttarget.shift_name = %(shift_name_1)s
2025-12-28 11:55:19,902 INFO [cached since 1561s ago] {'shift_name_1': 'Manhã'}
2025-12-28 11:55:20,172 INFO SELECT sectorconfiguration.id, sectorconfiguration.shift_name, sectorconfiguration.config_json, sectorconfiguration.updated_at 
FROM sectorconfiguration 
WHERE sectorconfiguration.shift_name = %(shift_name_1)s
2025-12-28 11:55:20,172 INFO [cached since 1561s ago] {'shift_name_1': 'Manhã'}
2025-12-28 11:55:20,421 INFO SELECT route.id, route.date, route.shift, route.employee_id, route.client_id, route.start_time, route.end_time, route.tonnage, route.status, route.created_at 
FROM route 
WHERE route.date = %(date_1)s AND route.shift = %(shift_1)s
2025-12-28 11:55:20,422 INFO [cached since 1561s ago] {'date_1': '2025-12-28', 'shift_1': 'Manhã'}
2025-12-28 11:55:20,666 INFO ROLLBACK
2025-12-28 11:55:27,966 INFO BEGIN (implicit)
2025-12-28 11:55:27,967 INFO SELECT employee.id, employee.registration_id, employee.name, employee.admission_date, employee.cost_center, employee.role, employee.birthday, employee.photo_url, employee.status, employee.work_shift, employee.vacation_start, employee.vacation_end 
FROM employee 
WHERE employee.status != %(status_1)s
2025-12-28 11:55:27,967 INFO [cached since 1570s ago] {'status_1': 'fired'}
2025-12-28 11:55:28,646 INFO SELECT dailyoperation.id, dailyoperation.date, dailyoperation.shift, dailyoperation.tonnage, dailyoperation.attendance_log, dailyoperation.logs, dailyoperation.arrival_time, dailyoperation.exit_time, dailyoperation.report, dailyoperation.rating, dailyoperation.status, dailyoperation.created_at, dailyoperation.updated_at 
FROM dailyoperation 
WHERE dailyoperation.date = %(date_1)s AND dailyoperation.shift = %(shift_1)s
2025-12-28 11:55:28,651 INFO [cached since 1570s ago] {'date_1': '2025-12-28', 'shift_1': 'Manhã'}
2025-12-28 11:55:28,903 INFO SELECT dailyoperation.id, dailyoperation.date, dailyoperation.shift, dailyoperation.tonnage, dailyoperation.attendance_log, dailyoperation.logs, dailyoperation.arrival_time, dailyoperation.exit_time, dailyoperation.report, dailyoperation.rating, dailyoperation.status, dailyoperation.created_at, dailyoperation.updated_at 
FROM dailyoperation 
WHERE dailyoperation.shift = %(shift_1)s AND dailyoperation.date < %(date_1)s ORDER BY dailyoperation.date DESC
2025-12-28 11:55:28,903 INFO [cached since 1570s ago] {'shift_1': 'Manhã', 'date_1': '2025-12-28'}
2025-12-28 11:55:29,152 INFO SELECT headcounttarget.id, headcounttarget.shift_name, headcounttarget.target_value 
FROM headcounttarget 
WHERE headcounttarget.shift_name = %(shift_name_1)s
2025-12-28 11:55:29,153 INFO [cached since 1570s ago] {'shift_name_1': 'Manhã'}
2025-12-28 11:55:29,403 INFO SELECT sectorconfiguration.id, sectorconfiguration.shift_name, sectorconfiguration.config_json, sectorconfiguration.updated_at 
FROM sectorconfiguration 
WHERE sectorconfiguration.shift_name = %(shift_name_1)s
2025-12-28 11:55:29,403 INFO [cached since 1570s ago] {'shift_name_1': 'Manhã'}
2025-12-28 11:55:29,645 INFO SELECT route.id, route.date, route.shift, route.employee_id, route.client_id, route.start_time, route.end_time, route.tonnage, route.status, route.created_at 
FROM route 
WHERE route.date = %(date_1)s AND route.shift = %(shift_1)s
2025-12-28 11:55:29,646 INFO [cached since 1570s ago] {'date_1': '2025-12-28', 'shift_1': 'Manhã'}
2025-12-28 11:55:29,890 INFO ROLLBACK
2025-12-28 11:56:08,640 INFO BEGIN (implicit)
2025-12-28 11:56:08,641 INFO SELECT employee.id, employee.registration_id, employee.name, employee.admission_date, employee.cost_center, employee.role, employee.birthday, employee.photo_url, employee.status, employee.work_shift, employee.vacation_start, employee.vacation_end 
FROM employee 
WHERE employee.status != %(status_1)s
2025-12-28 11:56:08,641 INFO [cached since 1611s ago] {'status_1': 'fired'}
2025-12-28 11:56:09,306 INFO SELECT dailyoperation.id, dailyoperation.date, dailyoperation.shift, dailyoperation.tonnage, dailyoperation.attendance_log, dailyoperation.logs, dailyoperation.arrival_time, dailyoperation.exit_time, dailyoperation.report, dailyoperation.rating, dailyoperation.status, dailyoperation.created_at, dailyoperation.updated_at 
FROM dailyoperation 
WHERE dailyoperation.date = %(date_1)s AND dailyoperation.shift = %(shift_1)s
2025-12-28 11:56:09,306 INFO [cached since 1611s ago] {'date_1': '2025-12-28', 'shift_1': 'Manhã'}
2025-12-28 11:56:09,546 INFO SELECT dailyoperation.id, dailyoperation.date, dailyoperation.shift, dailyoperation.tonnage, dailyoperation.attendance_log, dailyoperation.logs, dailyoperation.arrival_time, dailyoperation.exit_time, dailyoperation.report, dailyoperation.rating, dailyoperation.status, dailyoperation.created_at, dailyoperation.updated_at 
FROM dailyoperation 
WHERE dailyoperation.shift = %(shift_1)s AND dailyoperation.date < %(date_1)s ORDER BY dailyoperation.date DESC
2025-12-28 11:56:09,547 INFO [cached since 1611s ago] {'shift_1': 'Manhã', 'date_1': '2025-12-28'}
2025-12-28 11:56:09,790 INFO SELECT headcounttarget.id, headcounttarget.shift_name, headcounttarget.target_value 
FROM headcounttarget 
WHERE headcounttarget.shift_name = %(shift_name_1)s
2025-12-28 11:56:09,791 INFO [cached since 1611s ago] {'shift_name_1': 'Manhã'}
2025-12-28 11:56:10,030 INFO SELECT sectorconfiguration.id, sectorconfiguration.shift_name, sectorconfiguration.config_json, sectorconfiguration.updated_at 
FROM sectorconfiguration 
WHERE sectorconfiguration.shift_name = %(shift_name_1)s
2025-12-28 11:56:10,030 INFO [cached since 1611s ago] {'shift_name_1': 'Manhã'}
2025-12-28 11:56:10,270 INFO SELECT route.id, route.date, route.shift, route.employee_id, route.client_id, route.start_time, route.end_time, route.tonnage, route.status, route.created_at 
FROM route 
WHERE route.date = %(date_1)s AND route.shift = %(shift_1)s
2025-12-28 11:56:10,270 INFO [cached since 1611s ago] {'date_1': '2025-12-28', 'shift_1': 'Manhã'}
2025-12-28 11:56:10,526 INFO ROLLBACK
2025-12-28 11:56:16,818 INFO BEGIN (implicit)
2025-12-28 11:56:16,819 INFO SELECT employee.id, employee.registration_id, employee.name, employee.admission_date, employee.cost_center, employee.role, employee.birthday, employee.photo_url, employee.status, employee.work_shift, employee.vacation_start, employee.vacation_end 
FROM employee 
WHERE employee.status != %(status_1)s
2025-12-28 11:56:16,819 INFO [cached since 1619s ago] {'status_1': 'fired'}
2025-12-28 11:56:17,526 INFO SELECT dailyoperation.id, dailyoperation.date, dailyoperation.shift, dailyoperation.tonnage, dailyoperation.attendance_log, dailyoperation.logs, dailyoperation.arrival_time, dailyoperation.exit_time, dailyoperation.report, dailyoperation.rating, dailyoperation.status, dailyoperation.created_at, dailyoperation.updated_at 
FROM dailyoperation 
WHERE dailyoperation.date = %(date_1)s AND dailyoperation.shift = %(shift_1)s
2025-12-28 11:56:17,526 INFO [cached since 1619s ago] {'date_1': '2025-12-28', 'shift_1': 'Manhã'}
2025-12-28 11:56:17,767 INFO SELECT dailyoperation.id, dailyoperation.date, dailyoperation.shift, dailyoperation.tonnage, dailyoperation.attendance_log, dailyoperation.logs, dailyoperation.arrival_time, dailyoperation.exit_time, dailyoperation.report, dailyoperation.rating, dailyoperation.status, dailyoperation.created_at, dailyoperation.updated_at 
FROM dailyoperation 
WHERE dailyoperation.shift = %(shift_1)s AND dailyoperation.date < %(date_1)s ORDER BY dailyoperation.date DESC
2025-12-28 11:56:17,768 INFO [cached since 1619s ago] {'shift_1': 'Manhã', 'date_1': '2025-12-28'}
2025-12-28 11:56:18,015 INFO SELECT headcounttarget.id, headcounttarget.shift_name, headcounttarget.target_value 
FROM headcounttarget 
WHERE headcounttarget.shift_name = %(shift_name_1)s
2025-12-28 11:56:18,016 INFO [cached since 1619s ago] {'shift_name_1': 'Manhã'}
2025-12-28 11:56:18,269 INFO SELECT sectorconfiguration.id, sectorconfiguration.shift_name, sectorconfiguration.config_json, sectorconfiguration.updated_at 
FROM sectorconfiguration 
WHERE sectorconfiguration.shift_name = %(shift_name_1)s
2025-12-28 11:56:18,270 INFO [cached since 1619s ago] {'shift_name_1': 'Manhã'}
2025-12-28 11:56:18,508 INFO SELECT route.id, route.date, route.shift, route.employee_id, route.client_id, route.start_time, route.end_time, route.tonnage, route.status, route.created_at 
FROM route 
WHERE route.date = %(date_1)s AND route.shift = %(shift_1)s
2025-12-28 11:56:18,508 INFO [cached since 1619s ago] {'date_1': '2025-12-28', 'shift_1': 'Manhã'}
2025-12-28 11:56:18,755 INFO ROLLBACK
2025-12-28 11:56:35,057 INFO BEGIN (implicit)
2025-12-28 11:56:35,059 INFO SELECT employee.id, employee.registration_id, employee.name, employee.admission_date, employee.cost_center, employee.role, employee.birthday, employee.photo_url, employee.status, employee.work_shift, employee.vacation_start, employee.vacation_end 
FROM employee 
WHERE employee.status != %(status_1)s
2025-12-28 11:56:35,061 INFO [cached since 1637s ago] {'status_1': 'fired'}
2025-12-28 11:56:35,731 INFO SELECT dailyoperation.id, dailyoperation.date, dailyoperation.shift, dailyoperation.tonnage, dailyoperation.attendance_log, dailyoperation.logs, dailyoperation.arrival_time, dailyoperation.exit_time, dailyoperation.report, dailyoperation.rating, dailyoperation.status, dailyoperation.created_at, dailyoperation.updated_at 
FROM dailyoperation 
WHERE dailyoperation.date = %(date_1)s AND dailyoperation.shift = %(shift_1)s
2025-12-28 11:56:35,732 INFO [cached since 1637s ago] {'date_1': '2025-12-28', 'shift_1': 'Manhã'}
2025-12-28 11:56:35,976 INFO SELECT dailyoperation.id, dailyoperation.date, dailyoperation.shift, dailyoperation.tonnage, dailyoperation.attendance_log, dailyoperation.logs, dailyoperation.arrival_time, dailyoperation.exit_time, dailyoperation.report, dailyoperation.rating, dailyoperation.status, dailyoperation.created_at, dailyoperation.updated_at 
FROM dailyoperation 
WHERE dailyoperation.shift = %(shift_1)s AND dailyoperation.date < %(date_1)s ORDER BY dailyoperation.date DESC
2025-12-28 11:56:35,976 INFO [cached since 1637s ago] {'shift_1': 'Manhã', 'date_1': '2025-12-28'}
2025-12-28 11:56:36,223 INFO SELECT headcounttarget.id, headcounttarget.shift_name, headcounttarget.target_value 
FROM headcounttarget 
WHERE headcounttarget.shift_name = %(shift_name_1)s
2025-12-28 11:56:36,224 INFO [cached since 1637s ago] {'shift_name_1': 'Manhã'}
2025-12-28 11:56:36,463 INFO SELECT sectorconfiguration.id, sectorconfiguration.shift_name, sectorconfiguration.config_json, sectorconfiguration.updated_at 
FROM sectorconfiguration 
WHERE sectorconfiguration.shift_name = %(shift_name_1)s
2025-12-28 11:56:36,464 INFO [cached since 1637s ago] {'shift_name_1': 'Manhã'}
2025-12-28 11:56:36,750 INFO SELECT route.id, route.date, route.shift, route.employee_id, route.client_id, route.start_time, route.end_time, route.tonnage, route.status, route.created_at 
FROM route 
WHERE route.date = %(date_1)s AND route.shift = %(shift_1)s
2025-12-28 11:56:36,752 INFO [cached since 1637s ago] {'date_1': '2025-12-28', 'shift_1': 'Manhã'}
2025-12-28 11:56:37,013 INFO ROLLBACK
2025-12-28 11:56:51,769 INFO BEGIN (implicit)
2025-12-28 11:56:51,769 INFO SELECT employee.id, employee.registration_id, employee.name, employee.admission_date, employee.cost_center, employee.role, employee.birthday, employee.photo_url, employee.status, employee.work_shift, employee.vacation_start, employee.vacation_end 
FROM employee 
WHERE employee.status != %(status_1)s
2025-12-28 11:56:51,770 INFO [cached since 1654s ago] {'status_1': 'fired'}
2025-12-28 11:56:52,433 INFO SELECT dailyoperation.id, dailyoperation.date, dailyoperation.shift, dailyoperation.tonnage, dailyoperation.attendance_log, dailyoperation.logs, dailyoperation.arrival_time, dailyoperation.exit_time, dailyoperation.report, dailyoperation.rating, dailyoperation.status, dailyoperation.created_at, dailyoperation.updated_at 
FROM dailyoperation 
WHERE dailyoperation.date = %(date_1)s AND dailyoperation.shift = %(shift_1)s
2025-12-28 11:56:52,434 INFO [cached since 1654s ago] {'date_1': '2025-12-28', 'shift_1': 'Manhã'}
2025-12-28 11:56:52,681 INFO SELECT dailyoperation.id, dailyoperation.date, dailyoperation.shift, dailyoperation.tonnage, dailyoperation.attendance_log, dailyoperation.logs, dailyoperation.arrival_time, dailyoperation.exit_time, dailyoperation.report, dailyoperation.rating, dailyoperation.status, dailyoperation.created_at, dailyoperation.updated_at 
FROM dailyoperation 
WHERE dailyoperation.shift = %(shift_1)s AND dailyoperation.date < %(date_1)s ORDER BY dailyoperation.date DESC
2025-12-28 11:56:52,681 INFO [cached since 1654s ago] {'shift_1': 'Manhã', 'date_1': '2025-12-28'}
2025-12-28 11:56:52,931 INFO SELECT headcounttarget.id, headcounttarget.shift_name, headcounttarget.target_value 
FROM headcounttarget 
WHERE headcounttarget.shift_name = %(shift_name_1)s
2025-12-28 11:56:52,932 INFO [cached since 1654s ago] {'shift_name_1': 'Manhã'}
2025-12-28 11:56:53,171 INFO SELECT sectorconfiguration.id, sectorconfiguration.shift_name, sectorconfiguration.config_json, sectorconfiguration.updated_at 
FROM sectorconfiguration 
WHERE sectorconfiguration.shift_name = %(shift_name_1)s
2025-12-28 11:56:53,171 INFO [cached since 1654s ago] {'shift_name_1': 'Manhã'}
2025-12-28 11:56:53,411 INFO SELECT route.id, route.date, route.shift, route.employee_id, route.client_id, route.start_time, route.end_time, route.tonnage, route.status, route.created_at 
FROM route 
WHERE route.date = %(date_1)s AND route.shift = %(shift_1)s
2025-12-28 11:56:53,412 INFO [cached since 1654s ago] {'date_1': '2025-12-28', 'shift_1': 'Manhã'}
2025-12-28 11:56:53,653 INFO ROLLBACK
